[01m[K/home/rech/wsTcc/src/tccDrones/src/manager.cpp:[m[K In function ‘[01m[Kint main(int, char**)[m[K’:
[01m[K/home/rech/wsTcc/src/tccDrones/src/manager.cpp:217:14:[m[K [01;31m[Kerror: [m[Kjump to case label
  217 |         case [01;31m[K2[m[K:
      |              [01;31m[K^[m[K
[01m[K/home/rech/wsTcc/src/tccDrones/src/manager.cpp:189:18:[m[K [01;36m[Knote: [m[K  crosses initialization of ‘[01m[Kstd::string second[m[K’
  189 |           string [01;36m[Ksecond[m[K = ".csv";
      |                  [01;36m[K^~~~~~[m[K
[01m[K/home/rech/wsTcc/src/tccDrones/src/manager.cpp:188:18:[m[K [01;36m[Knote: [m[K  crosses initialization of ‘[01m[Kstd::string first[m[K’
  188 |           string [01;36m[Kfirst[m[K = "src/tccDrones/logsPos/log";
      |                  [01;36m[K^~~~~[m[K
[01m[K/home/rech/wsTcc/src/tccDrones/src/manager.cpp:186:20:[m[K [01;36m[Knote: [m[K  crosses initialization of ‘[01m[Kstd::ofstream logFile[m[K’
  186 |           ofstream [01;36m[KlogFile[m[K;
      |                    [01;36m[K^~~~~~~[m[K
[01m[K/home/rech/wsTcc/src/tccDrones/src/manager.cpp:237:14:[m[K [01;31m[Kerror: [m[Kjump to case label
  237 |         case [01;31m[K3[m[K:
      |              [01;31m[K^[m[K
[01m[K/home/rech/wsTcc/src/tccDrones/src/manager.cpp:189:18:[m[K [01;36m[Knote: [m[K  crosses initialization of ‘[01m[Kstd::string second[m[K’
  189 |           string [01;36m[Ksecond[m[K = ".csv";
      |                  [01;36m[K^~~~~~[m[K
[01m[K/home/rech/wsTcc/src/tccDrones/src/manager.cpp:188:18:[m[K [01;36m[Knote: [m[K  crosses initialization of ‘[01m[Kstd::string first[m[K’
  188 |           string [01;36m[Kfirst[m[K = "src/tccDrones/logsPos/log";
      |                  [01;36m[K^~~~~[m[K
[01m[K/home/rech/wsTcc/src/tccDrones/src/manager.cpp:186:20:[m[K [01;36m[Knote: [m[K  crosses initialization of ‘[01m[Kstd::ofstream logFile[m[K’
  186 |           ofstream [01;36m[KlogFile[m[K;
      |                    [01;36m[K^~~~~~~[m[K
[01m[K/home/rech/wsTcc/src/tccDrones/src/manager.cpp:257:9:[m[K [01;31m[Kerror: [m[Kjump to case label
  257 |         [01;31m[Kdefault[m[K:
      |         [01;31m[K^~~~~~~[m[K
[01m[K/home/rech/wsTcc/src/tccDrones/src/manager.cpp:189:18:[m[K [01;36m[Knote: [m[K  crosses initialization of ‘[01m[Kstd::string second[m[K’
  189 |           string [01;36m[Ksecond[m[K = ".csv";
      |                  [01;36m[K^~~~~~[m[K
[01m[K/home/rech/wsTcc/src/tccDrones/src/manager.cpp:188:18:[m[K [01;36m[Knote: [m[K  crosses initialization of ‘[01m[Kstd::string first[m[K’
  188 |           string [01;36m[Kfirst[m[K = "src/tccDrones/logsPos/log";
      |                  [01;36m[K^~~~~[m[K
[01m[K/home/rech/wsTcc/src/tccDrones/src/manager.cpp:186:20:[m[K [01;36m[Knote: [m[K  crosses initialization of ‘[01m[Kstd::ofstream logFile[m[K’
  186 |           ofstream [01;36m[KlogFile[m[K;
      |                    [01;36m[K^~~~~~~[m[K
make[2]: *** [CMakeFiles/manager_node.dir/build.make:63: CMakeFiles/manager_node.dir/src/manager.cpp.o] Error 1
make[1]: *** [CMakeFiles/Makefile2:2364: CMakeFiles/manager_node.dir/all] Error 2
make: *** [Makefile:141: all] Error 2
