[35m[1mScanning dependencies of target manager_multiplos_node[0m
[ 33%] [32m[1mLinking CXX executable /home/rech/wsTcc/devel/.private/tccDrones/lib/tccDrones/manager_node[0m
[ 50%] Built target getTagPose_node
[ 66%] [32mBuilding CXX object CMakeFiles/manager_multiplos_node.dir/src/managerMultiplos.cpp.o[0m
[ 83%] Built target manager_node
[100%] [32m[1mLinking CXX executable /home/rech/wsTcc/devel/.private/tccDrones/lib/tccDrones/manager_multiplos_node[0m
/usr/bin/ld: CMakeFiles/manager_multiplos_node.dir/src/managerMultiplos.cpp.o: in function `main':
managerMultiplos.cpp:(.text+0x55e): undefined reference to `ros::init(int&, char**, std::__cxx11::basic_string<char, std::char_traits<char>, std::allocator<char> > const&, unsigned int)'
/usr/bin/ld: managerMultiplos.cpp:(.text+0x60d): undefined reference to `ros::NodeHandle::NodeHandle(std::__cxx11::basic_string<char, std::char_traits<char>, std::allocator<char> > const&, std::map<std::__cxx11::basic_string<char, std::char_traits<char>, std::allocator<char> >, std::__cxx11::basic_string<char, std::char_traits<char>, std::allocator<char> >, std::less<std::__cxx11::basic_string<char, std::char_traits<char>, std::allocator<char> > >, std::allocator<std::pair<std::__cxx11::basic_string<char, std::char_traits<char>, std::allocator<char> > const, std::__cxx11::basic_string<char, std::char_traits<char>, std::allocator<char> > > > > const&)'
/usr/bin/ld: managerMultiplos.cpp:(.text+0x6cb): undefined reference to `ros::NodeHandle::NodeHandle(std::__cxx11::basic_string<char, std::char_traits<char>, std::allocator<char> > const&, std::map<std::__cxx11::basic_string<char, std::char_traits<char>, std::allocator<char> >, std::__cxx11::basic_string<char, std::char_traits<char>, std::allocator<char> >, std::less<std::__cxx11::basic_string<char, std::char_traits<char>, std::allocator<char> > >, std::allocator<std::pair<std::__cxx11::basic_string<char, std::char_traits<char>, std::allocator<char> > const, std::__cxx11::basic_string<char, std::char_traits<char>, std::allocator<char> > > > > const&)'
/usr/bin/ld: managerMultiplos.cpp:(.text+0x713): undefined reference to `ros::Rate::Rate(double)'
/usr/bin/ld: managerMultiplos.cpp:(.text+0x884): undefined reference to `ros::Subscriber::~Subscriber()'
/usr/bin/ld: managerMultiplos.cpp:(.text+0x9aa): undefined reference to `ros::Subscriber::~Subscriber()'
/usr/bin/ld: managerMultiplos.cpp:(.text+0xad0): undefined reference to `ros::Subscriber::~Subscriber()'
/usr/bin/ld: managerMultiplos.cpp:(.text+0xb79): undefined reference to `ros::Publisher::~Publisher()'
/usr/bin/ld: managerMultiplos.cpp:(.text+0xc13): undefined reference to `ros::Publisher::~Publisher()'
/usr/bin/ld: managerMultiplos.cpp:(.text+0x1041): undefined reference to `ros::ok()'
/usr/bin/ld: managerMultiplos.cpp:(.text+0x104e): undefined reference to `ros::spinOnce()'
/usr/bin/ld: managerMultiplos.cpp:(.text+0x1248): undefined reference to `ros::console::g_initialized'
/usr/bin/ld: managerMultiplos.cpp:(.text+0x1258): undefined reference to `ros::console::initialize()'
/usr/bin/ld: managerMultiplos.cpp:(.text+0x12b1): undefined reference to `ros::console::initializeLogLocation(ros::console::LogLocation*, std::__cxx11::basic_string<char, std::char_traits<char>, std::allocator<char> > const&, ros::console::levels::Level)'
/usr/bin/ld: managerMultiplos.cpp:(.text+0x12f4): undefined reference to `ros::console::setLogLocationLevel(ros::console::LogLocation*, ros::console::levels::Level)'
/usr/bin/ld: managerMultiplos.cpp:(.text+0x1300): undefined reference to `ros::console::checkLogLocationEnabled(ros::console::LogLocation*)'
/usr/bin/ld: managerMultiplos.cpp:(.text+0x13df): undefined reference to `ros::console::print(ros::console::FilterBase*, void*, ros::console::levels::Level, char const*, int, char const*, char const*, ...)'
/usr/bin/ld: managerMultiplos.cpp:(.text+0x162d): undefined reference to `ros::console::g_initialized'
/usr/bin/ld: managerMultiplos.cpp:(.text+0x163d): undefined reference to `ros::console::initialize()'
/usr/bin/ld: managerMultiplos.cpp:(.text+0x1696): undefined reference to `ros::console::initializeLogLocation(ros::console::LogLocation*, std::__cxx11::basic_string<char, std::char_traits<char>, std::allocator<char> > const&, ros::console::levels::Level)'
/usr/bin/ld: managerMultiplos.cpp:(.text+0x16d9): undefined reference to `ros::console::setLogLocationLevel(ros::console::LogLocation*, ros::console::levels::Level)'
/usr/bin/ld: managerMultiplos.cpp:(.text+0x16e5): undefined reference to `ros::console::checkLogLocationEnabled(ros::console::LogLocation*)'
/usr/bin/ld: managerMultiplos.cpp:(.text+0x17c4): undefined reference to `ros::console::print(ros::console::FilterBase*, void*, ros::console::levels::Level, char const*, int, char const*, char const*, ...)'
/usr/bin/ld: managerMultiplos.cpp:(.text+0x1a12): undefined reference to `ros::console::g_initialized'
/usr/bin/ld: managerMultiplos.cpp:(.text+0x1a22): undefined reference to `ros::console::initialize()'
/usr/bin/ld: managerMultiplos.cpp:(.text+0x1a7b): undefined reference to `ros::console::initializeLogLocation(ros::console::LogLocation*, std::__cxx11::basic_string<char, std::char_traits<char>, std::allocator<char> > const&, ros::console::levels::Level)'
/usr/bin/ld: managerMultiplos.cpp:(.text+0x1abe): undefined reference to `ros::console::setLogLocationLevel(ros::console::LogLocation*, ros::console::levels::Level)'
/usr/bin/ld: managerMultiplos.cpp:(.text+0x1aca): undefined reference to `ros::console::checkLogLocationEnabled(ros::console::LogLocation*)'
/usr/bin/ld: managerMultiplos.cpp:(.text+0x1ba9): undefined reference to `ros::console::print(ros::console::FilterBase*, void*, ros::console::levels::Level, char const*, int, char const*, char const*, ...)'
/usr/bin/ld: managerMultiplos.cpp:(.text+0x1df7): undefined reference to `ros::console::g_initialized'
/usr/bin/ld: managerMultiplos.cpp:(.text+0x1e07): undefined reference to `ros::console::initialize()'
/usr/bin/ld: managerMultiplos.cpp:(.text+0x1e60): undefined reference to `ros::console::initializeLogLocation(ros::console::LogLocation*, std::__cxx11::basic_string<char, std::char_traits<char>, std::allocator<char> > const&, ros::console::levels::Level)'
/usr/bin/ld: managerMultiplos.cpp:(.text+0x1ea3): undefined reference to `ros::console::setLogLocationLevel(ros::console::LogLocation*, ros::console::levels::Level)'
/usr/bin/ld: managerMultiplos.cpp:(.text+0x1eaf): undefined reference to `ros::console::checkLogLocationEnabled(ros::console::LogLocation*)'
/usr/bin/ld: managerMultiplos.cpp:(.text+0x1f8e): undefined reference to `ros::console::print(ros::console::FilterBase*, void*, ros::console::levels::Level, char const*, int, char const*, char const*, ...)'
/usr/bin/ld: managerMultiplos.cpp:(.text+0x22d6): undefined reference to `ros::Rate::sleep()'
/usr/bin/ld: managerMultiplos.cpp:(.text+0x232b): undefined reference to `ros::Subscriber::~Subscriber()'
/usr/bin/ld: managerMultiplos.cpp:(.text+0x233a): undefined reference to `ros::Subscriber::~Subscriber()'
/usr/bin/ld: managerMultiplos.cpp:(.text+0x2349): undefined reference to `ros::Subscriber::~Subscriber()'
/usr/bin/ld: managerMultiplos.cpp:(.text+0x2358): undefined reference to `ros::Publisher::~Publisher()'
/usr/bin/ld: managerMultiplos.cpp:(.text+0x2367): undefined reference to `ros::Publisher::~Publisher()'
/usr/bin/ld: managerMultiplos.cpp:(.text+0x2376): undefined reference to `ros::Publisher::~Publisher()'
/usr/bin/ld: managerMultiplos.cpp:(.text+0x2385): undefined reference to `ros::Publisher::~Publisher()'
/usr/bin/ld: managerMultiplos.cpp:(.text+0x2394): undefined reference to `ros::Publisher::~Publisher()'
/usr/bin/ld: managerMultiplos.cpp:(.text+0x23a3): undefined reference to `ros::NodeHandle::~NodeHandle()'
/usr/bin/ld: managerMultiplos.cpp:(.text+0x23b2): undefined reference to `ros::NodeHandle::~NodeHandle()'
/usr/bin/ld: managerMultiplos.cpp:(.text+0x2778): undefined reference to `ros::Subscriber::~Subscriber()'
/usr/bin/ld: managerMultiplos.cpp:(.text+0x2787): undefined reference to `ros::Subscriber::~Subscriber()'
/usr/bin/ld: managerMultiplos.cpp:(.text+0x2796): undefined reference to `ros::Subscriber::~Subscriber()'
/usr/bin/ld: managerMultiplos.cpp:(.text+0x27a5): undefined reference to `ros::Publisher::~Publisher()'
/usr/bin/ld: managerMultiplos.cpp:(.text+0x27b4): undefined reference to `ros::Publisher::~Publisher()'
/usr/bin/ld: managerMultiplos.cpp:(.text+0x27c3): undefined reference to `ros::Publisher::~Publisher()'
/usr/bin/ld: managerMultiplos.cpp:(.text+0x27d2): undefined reference to `ros::Publisher::~Publisher()'
/usr/bin/ld: managerMultiplos.cpp:(.text+0x27e1): undefined reference to `ros::Publisher::~Publisher()'
/usr/bin/ld: managerMultiplos.cpp:(.text+0x27f9): undefined reference to `ros::NodeHandle::~NodeHandle()'
/usr/bin/ld: managerMultiplos.cpp:(.text+0x2808): undefined reference to `ros::NodeHandle::~NodeHandle()'
/usr/bin/ld: CMakeFiles/manager_multiplos_node.dir/src/managerMultiplos.cpp.o: in function `ros::Subscriber ros::NodeHandle::subscribe<ar_track_alvar_msgs::AlvarMarkers_<std::allocator<void> > >(std::__cxx11::basic_string<char, std::char_traits<char>, std::allocator<char> > const&, unsigned int, void (*)(boost::shared_ptr<ar_track_alvar_msgs::AlvarMarkers_<std::allocator<void> > const> const&), ros::TransportHints const&)':
managerMultiplos.cpp:(.text._ZN3ros10NodeHandle9subscribeIN19ar_track_alvar_msgs13AlvarMarkers_ISaIvEEEEENS_10SubscriberERKNSt7__cxx1112basic_stringIcSt11char_traitsIcESaIcEEEjPFvRKN5boost10shared_ptrIKT_EEERKNS_14TransportHintsE[_ZN3ros10NodeHandle9subscribeIN19ar_track_alvar_msgs13AlvarMarkers_ISaIvEEEEENS_10SubscriberERKNSt7__cxx1112basic_stringIcSt11char_traitsIcESaIcEEEjPFvRKN5boost10shared_ptrIKT_EEERKNS_14TransportHintsE]+0x110): undefined reference to `ros::NodeHandle::subscribe(ros::SubscribeOptions&)'
/usr/bin/ld: CMakeFiles/manager_multiplos_node.dir/src/managerMultiplos.cpp.o: in function `ros::Subscriber ros::NodeHandle::subscribe<geometry_msgs::Point_<std::allocator<void> > >(std::__cxx11::basic_string<char, std::char_traits<char>, std::allocator<char> > const&, unsigned int, void (*)(boost::shared_ptr<geometry_msgs::Point_<std::allocator<void> > const> const&), ros::TransportHints const&)':
managerMultiplos.cpp:(.text._ZN3ros10NodeHandle9subscribeIN13geometry_msgs6Point_ISaIvEEEEENS_10SubscriberERKNSt7__cxx1112basic_stringIcSt11char_traitsIcESaIcEEEjPFvRKN5boost10shared_ptrIKT_EEERKNS_14TransportHintsE[_ZN3ros10NodeHandle9subscribeIN13geometry_msgs6Point_ISaIvEEEEENS_10SubscriberERKNSt7__cxx1112basic_stringIcSt11char_traitsIcESaIcEEEjPFvRKN5boost10shared_ptrIKT_EEERKNS_14TransportHintsE]+0x110): undefined reference to `ros::NodeHandle::subscribe(ros::SubscribeOptions&)'
/usr/bin/ld: CMakeFiles/manager_multiplos_node.dir/src/managerMultiplos.cpp.o: in function `ros::Publisher ros::NodeHandle::advertise<geometry_msgs::Point_<std::allocator<void> > >(std::__cxx11::basic_string<char, std::char_traits<char>, std::allocator<char> > const&, unsigned int, bool)':
managerMultiplos.cpp:(.text._ZN3ros10NodeHandle9advertiseIN13geometry_msgs6Point_ISaIvEEEEENS_9PublisherERKNSt7__cxx1112basic_stringIcSt11char_traitsIcESaIcEEEjb[_ZN3ros10NodeHandle9advertiseIN13geometry_msgs6Point_ISaIvEEEEENS_9PublisherERKNSt7__cxx1112basic_stringIcSt11char_traitsIcESaIcEEEjb]+0x139): undefined reference to `ros::NodeHandle::advertise(ros::AdvertiseOptions&)'
/usr/bin/ld: CMakeFiles/manager_multiplos_node.dir/src/managerMultiplos.cpp.o: in function `void ros::Publisher::publish<geometry_msgs::Point_<std::allocator<void> > >(geometry_msgs::Point_<std::allocator<void> > const&) const':
managerMultiplos.cpp:(.text._ZNK3ros9Publisher7publishIN13geometry_msgs6Point_ISaIvEEEEEvRKT_[_ZNK3ros9Publisher7publishIN13geometry_msgs6Point_ISaIvEEEEEvRKT_]+0x4b): undefined reference to `ros::console::g_initialized'
/usr/bin/ld: managerMultiplos.cpp:(.text._ZNK3ros9Publisher7publishIN13geometry_msgs6Point_ISaIvEEEEEvRKT_[_ZNK3ros9Publisher7publishIN13geometry_msgs6Point_ISaIvEEEEEvRKT_]+0x5b): undefined reference to `ros::console::initialize()'
/usr/bin/ld: managerMultiplos.cpp:(.text._ZNK3ros9Publisher7publishIN13geometry_msgs6Point_ISaIvEEEEEvRKT_[_ZNK3ros9Publisher7publishIN13geometry_msgs6Point_ISaIvEEEEEvRKT_]+0xae): undefined reference to `ros::console::initializeLogLocation(ros::console::LogLocation*, std::__cxx11::basic_string<char, std::char_traits<char>, std::allocator<char> > const&, ros::console::levels::Level)'
/usr/bin/ld: managerMultiplos.cpp:(.text._ZNK3ros9Publisher7publishIN13geometry_msgs6Point_ISaIvEEEEEvRKT_[_ZNK3ros9Publisher7publishIN13geometry_msgs6Point_ISaIvEEEEEvRKT_]+0xee): undefined reference to `ros::console::setLogLocationLevel(ros::console::LogLocation*, ros::console::levels::Level)'
/usr/bin/ld: managerMultiplos.cpp:(.text._ZNK3ros9Publisher7publishIN13geometry_msgs6Point_ISaIvEEEEEvRKT_[_ZNK3ros9Publisher7publishIN13geometry_msgs6Point_ISaIvEEEEEvRKT_]+0xfa): undefined reference to `ros::console::checkLogLocationEnabled(ros::console::LogLocation*)'
/usr/bin/ld: managerMultiplos.cpp:(.text._ZNK3ros9Publisher7publishIN13geometry_msgs6Point_ISaIvEEEEEvRKT_[_ZNK3ros9Publisher7publishIN13geometry_msgs6Point_ISaIvEEEEEvRKT_]+0x160): undefined reference to `ros::console::print(ros::console::FilterBase*, void*, ros::console::levels::Level, char const*, int, char const*, char const*, ...)'
/usr/bin/ld: managerMultiplos.cpp:(.text._ZNK3ros9Publisher7publishIN13geometry_msgs6Point_ISaIvEEEEEvRKT_[_ZNK3ros9Publisher7publishIN13geometry_msgs6Point_ISaIvEEEEEvRKT_]+0x16b): undefined reference to `ros::console::g_initialized'
/usr/bin/ld: managerMultiplos.cpp:(.text._ZNK3ros9Publisher7publishIN13geometry_msgs6Point_ISaIvEEEEEvRKT_[_ZNK3ros9Publisher7publishIN13geometry_msgs6Point_ISaIvEEEEEvRKT_]+0x17b): undefined reference to `ros::console::initialize()'
/usr/bin/ld: managerMultiplos.cpp:(.text._ZNK3ros9Publisher7publishIN13geometry_msgs6Point_ISaIvEEEEEvRKT_[_ZNK3ros9Publisher7publishIN13geometry_msgs6Point_ISaIvEEEEEvRKT_]+0x1ce): undefined reference to `ros::console::initializeLogLocation(ros::console::LogLocation*, std::__cxx11::basic_string<char, std::char_traits<char>, std::allocator<char> > const&, ros::console::levels::Level)'
/usr/bin/ld: managerMultiplos.cpp:(.text._ZNK3ros9Publisher7publishIN13geometry_msgs6Point_ISaIvEEEEEvRKT_[_ZNK3ros9Publisher7publishIN13geometry_msgs6Point_ISaIvEEEEEvRKT_]+0x20e): undefined reference to `ros::console::setLogLocationLevel(ros::console::LogLocation*, ros::console::levels::Level)'
/usr/bin/ld: managerMultiplos.cpp:(.text._ZNK3ros9Publisher7publishIN13geometry_msgs6Point_ISaIvEEEEEvRKT_[_ZNK3ros9Publisher7publishIN13geometry_msgs6Point_ISaIvEEEEEvRKT_]+0x21a): undefined reference to `ros::console::checkLogLocationEnabled(ros::console::LogLocation*)'
/usr/bin/ld: managerMultiplos.cpp:(.text._ZNK3ros9Publisher7publishIN13geometry_msgs6Point_ISaIvEEEEEvRKT_[_ZNK3ros9Publisher7publishIN13geometry_msgs6Point_ISaIvEEEEEvRKT_]+0x272): undefined reference to `ros::console::print(ros::console::FilterBase*, void*, ros::console::levels::Level, char const*, int, char const*, char const*, ...)'
/usr/bin/ld: managerMultiplos.cpp:(.text._ZNK3ros9Publisher7publishIN13geometry_msgs6Point_ISaIvEEEEEvRKT_[_ZNK3ros9Publisher7publishIN13geometry_msgs6Point_ISaIvEEEEEvRKT_]+0x27d): undefined reference to `ros::console::g_initialized'
/usr/bin/ld: managerMultiplos.cpp:(.text._ZNK3ros9Publisher7publishIN13geometry_msgs6Point_ISaIvEEEEEvRKT_[_ZNK3ros9Publisher7publishIN13geometry_msgs6Point_ISaIvEEEEEvRKT_]+0x28d): undefined reference to `ros::console::initialize()'
/usr/bin/ld: managerMultiplos.cpp:(.text._ZNK3ros9Publisher7publishIN13geometry_msgs6Point_ISaIvEEEEEvRKT_[_ZNK3ros9Publisher7publishIN13geometry_msgs6Point_ISaIvEEEEEvRKT_]+0x2e0): undefined reference to `ros::console::initializeLogLocation(ros::console::LogLocation*, std::__cxx11::basic_string<char, std::char_traits<char>, std::allocator<char> > const&, ros::console::levels::Level)'
/usr/bin/ld: managerMultiplos.cpp:(.text._ZNK3ros9Publisher7publishIN13geometry_msgs6Point_ISaIvEEEEEvRKT_[_ZNK3ros9Publisher7publishIN13geometry_msgs6Point_ISaIvEEEEEvRKT_]+0x320): undefined reference to `ros::console::setLogLocationLevel(ros::console::LogLocation*, ros::console::levels::Level)'
/usr/bin/ld: managerMultiplos.cpp:(.text._ZNK3ros9Publisher7publishIN13geometry_msgs6Point_ISaIvEEEEEvRKT_[_ZNK3ros9Publisher7publishIN13geometry_msgs6Point_ISaIvEEEEEvRKT_]+0x32c): undefined reference to `ros::console::checkLogLocationEnabled(ros::console::LogLocation*)'
/usr/bin/ld: managerMultiplos.cpp:(.text._ZNK3ros9Publisher7publishIN13geometry_msgs6Point_ISaIvEEEEEvRKT_[_ZNK3ros9Publisher7publishIN13geometry_msgs6Point_ISaIvEEEEEvRKT_]+0x384): undefined reference to `ros::console::print(ros::console::FilterBase*, void*, ros::console::levels::Level, char const*, int, char const*, char const*, ...)'
/usr/bin/ld: managerMultiplos.cpp:(.text._ZNK3ros9Publisher7publishIN13geometry_msgs6Point_ISaIvEEEEEvRKT_[_ZNK3ros9Publisher7publishIN13geometry_msgs6Point_ISaIvEEEEEvRKT_]+0x3a5): undefined reference to `ros::Publisher::Impl::isValid() const'
/usr/bin/ld: managerMultiplos.cpp:(.text._ZNK3ros9Publisher7publishIN13geometry_msgs6Point_ISaIvEEEEEvRKT_[_ZNK3ros9Publisher7publishIN13geometry_msgs6Point_ISaIvEEEEEvRKT_]+0x3b7): undefined reference to `ros::console::g_initialized'
/usr/bin/ld: managerMultiplos.cpp:(.text._ZNK3ros9Publisher7publishIN13geometry_msgs6Point_ISaIvEEEEEvRKT_[_ZNK3ros9Publisher7publishIN13geometry_msgs6Point_ISaIvEEEEEvRKT_]+0x3c7): undefined reference to `ros::console::initialize()'
/usr/bin/ld: managerMultiplos.cpp:(.text._ZNK3ros9Publisher7publishIN13geometry_msgs6Point_ISaIvEEEEEvRKT_[_ZNK3ros9Publisher7publishIN13geometry_msgs6Point_ISaIvEEEEEvRKT_]+0x41a): undefined reference to `ros::console::initializeLogLocation(ros::console::LogLocation*, std::__cxx11::basic_string<char, std::char_traits<char>, std::allocator<char> > const&, ros::console::levels::Level)'
/usr/bin/ld: managerMultiplos.cpp:(.text._ZNK3ros9Publisher7publishIN13geometry_msgs6Point_ISaIvEEEEEvRKT_[_ZNK3ros9Publisher7publishIN13geometry_msgs6Point_ISaIvEEEEEvRKT_]+0x45a): undefined reference to `ros::console::setLogLocationLevel(ros::console::LogLocation*, ros::console::levels::Level)'
/usr/bin/ld: managerMultiplos.cpp:(.text._ZNK3ros9Publisher7publishIN13geometry_msgs6Point_ISaIvEEEEEvRKT_[_ZNK3ros9Publisher7publishIN13geometry_msgs6Point_ISaIvEEEEEvRKT_]+0x466): undefined reference to `ros::console::checkLogLocationEnabled(ros::console::LogLocation*)'
/usr/bin/ld: managerMultiplos.cpp:(.text._ZNK3ros9Publisher7publishIN13geometry_msgs6Point_ISaIvEEEEEvRKT_[_ZNK3ros9Publisher7publishIN13geometry_msgs6Point_ISaIvEEEEEvRKT_]+0x4cc): undefined reference to `ros::console::print(ros::console::FilterBase*, void*, ros::console::levels::Level, char const*, int, char const*, char const*, ...)'
/usr/bin/ld: managerMultiplos.cpp:(.text._ZNK3ros9Publisher7publishIN13geometry_msgs6Point_ISaIvEEEEEvRKT_[_ZNK3ros9Publisher7publishIN13geometry_msgs6Point_ISaIvEEEEEvRKT_]+0x4d7): undefined reference to `ros::console::g_initialized'
/usr/bin/ld: managerMultiplos.cpp:(.text._ZNK3ros9Publisher7publishIN13geometry_msgs6Point_ISaIvEEEEEvRKT_[_ZNK3ros9Publisher7publishIN13geometry_msgs6Point_ISaIvEEEEEvRKT_]+0x4e7): undefined reference to `ros::console::initialize()'
/usr/bin/ld: managerMultiplos.cpp:(.text._ZNK3ros9Publisher7publishIN13geometry_msgs6Point_ISaIvEEEEEvRKT_[_ZNK3ros9Publisher7publishIN13geometry_msgs6Point_ISaIvEEEEEvRKT_]+0x53a): undefined reference to `ros::console::initializeLogLocation(ros::console::LogLocation*, std::__cxx11::basic_string<char, std::char_traits<char>, std::allocator<char> > const&, ros::console::levels::Level)'
/usr/bin/ld: managerMultiplos.cpp:(.text._ZNK3ros9Publisher7publishIN13geometry_msgs6Point_ISaIvEEEEEvRKT_[_ZNK3ros9Publisher7publishIN13geometry_msgs6Point_ISaIvEEEEEvRKT_]+0x57a): undefined reference to `ros::console::setLogLocationLevel(ros::console::LogLocation*, ros::console::levels::Level)'
/usr/bin/ld: managerMultiplos.cpp:(.text._ZNK3ros9Publisher7publishIN13geometry_msgs6Point_ISaIvEEEEEvRKT_[_ZNK3ros9Publisher7publishIN13geometry_msgs6Point_ISaIvEEEEEvRKT_]+0x586): undefined reference to `ros::console::checkLogLocationEnabled(ros::console::LogLocation*)'
/usr/bin/ld: managerMultiplos.cpp:(.text._ZNK3ros9Publisher7publishIN13geometry_msgs6Point_ISaIvEEEEEvRKT_[_ZNK3ros9Publisher7publishIN13geometry_msgs6Point_ISaIvEEEEEvRKT_]+0x5f5): undefined reference to `ros::console::print(ros::console::FilterBase*, void*, ros::console::levels::Level, char const*, int, char const*, char const*, ...)'
/usr/bin/ld: managerMultiplos.cpp:(.text._ZNK3ros9Publisher7publishIN13geometry_msgs6Point_ISaIvEEEEEvRKT_[_ZNK3ros9Publisher7publishIN13geometry_msgs6Point_ISaIvEEEEEvRKT_]+0x600): undefined reference to `ros::console::g_initialized'
/usr/bin/ld: managerMultiplos.cpp:(.text._ZNK3ros9Publisher7publishIN13geometry_msgs6Point_ISaIvEEEEEvRKT_[_ZNK3ros9Publisher7publishIN13geometry_msgs6Point_ISaIvEEEEEvRKT_]+0x610): undefined reference to `ros::console::initialize()'
/usr/bin/ld: managerMultiplos.cpp:(.text._ZNK3ros9Publisher7publishIN13geometry_msgs6Point_ISaIvEEEEEvRKT_[_ZNK3ros9Publisher7publishIN13geometry_msgs6Point_ISaIvEEEEEvRKT_]+0x663): undefined reference to `ros::console::initializeLogLocation(ros::console::LogLocation*, std::__cxx11::basic_string<char, std::char_traits<char>, std::allocator<char> > const&, ros::console::levels::Level)'
/usr/bin/ld: managerMultiplos.cpp:(.text._ZNK3ros9Publisher7publishIN13geometry_msgs6Point_ISaIvEEEEEvRKT_[_ZNK3ros9Publisher7publishIN13geometry_msgs6Point_ISaIvEEEEEvRKT_]+0x6a3): undefined reference to `ros::console::setLogLocationLevel(ros::console::LogLocation*, ros::console::levels::Level)'
/usr/bin/ld: managerMultiplos.cpp:(.text._ZNK3ros9Publisher7publishIN13geometry_msgs6Point_ISaIvEEEEEvRKT_[_ZNK3ros9Publisher7publishIN13geometry_msgs6Point_ISaIvEEEEEvRKT_]+0x6af): undefined reference to `ros::console::checkLogLocationEnabled(ros::console::LogLocation*)'
/usr/bin/ld: managerMultiplos.cpp:(.text._ZNK3ros9Publisher7publishIN13geometry_msgs6Point_ISaIvEEEEEvRKT_[_ZNK3ros9Publisher7publishIN13geometry_msgs6Point_ISaIvEEEEEvRKT_]+0x707): undefined reference to `ros::console::print(ros::console::FilterBase*, void*, ros::console::levels::Level, char const*, int, char const*, char const*, ...)'
/usr/bin/ld: managerMultiplos.cpp:(.text._ZNK3ros9Publisher7publishIN13geometry_msgs6Point_ISaIvEEEEEvRKT_[_ZNK3ros9Publisher7publishIN13geometry_msgs6Point_ISaIvEEEEEvRKT_]+0x815): undefined reference to `ros::console::g_initialized'
/usr/bin/ld: managerMultiplos.cpp:(.text._ZNK3ros9Publisher7publishIN13geometry_msgs6Point_ISaIvEEEEEvRKT_[_ZNK3ros9Publisher7publishIN13geometry_msgs6Point_ISaIvEEEEEvRKT_]+0x825): undefined reference to `ros::console::initialize()'
/usr/bin/ld: managerMultiplos.cpp:(.text._ZNK3ros9Publisher7publishIN13geometry_msgs6Point_ISaIvEEEEEvRKT_[_ZNK3ros9Publisher7publishIN13geometry_msgs6Point_ISaIvEEEEEvRKT_]+0x878): undefined reference to `ros::console::initializeLogLocation(ros::console::LogLocation*, std::__cxx11::basic_string<char, std::char_traits<char>, std::allocator<char> > const&, ros::console::levels::Level)'
/usr/bin/ld: managerMultiplos.cpp:(.text._ZNK3ros9Publisher7publishIN13geometry_msgs6Point_ISaIvEEEEEvRKT_[_ZNK3ros9Publisher7publishIN13geometry_msgs6Point_ISaIvEEEEEvRKT_]+0x8b7): undefined reference to `ros::console::setLogLocationLevel(ros::console::LogLocation*, ros::console::levels::Level)'
/usr/bin/ld: managerMultiplos.cpp:(.text._ZNK3ros9Publisher7publishIN13geometry_msgs6Point_ISaIvEEEEEvRKT_[_ZNK3ros9Publisher7publishIN13geometry_msgs6Point_ISaIvEEEEEvRKT_]+0x8c3): undefined reference to `ros::console::checkLogLocationEnabled(ros::console::LogLocation*)'
/usr/bin/ld: managerMultiplos.cpp:(.text._ZNK3ros9Publisher7publishIN13geometry_msgs6Point_ISaIvEEEEEvRKT_[_ZNK3ros9Publisher7publishIN13geometry_msgs6Point_ISaIvEEEEEvRKT_]+0x9a2): undefined reference to `ros::console::print(ros::console::FilterBase*, void*, ros::console::levels::Level, char const*, int, char const*, char const*, ...)'
/usr/bin/ld: managerMultiplos.cpp:(.text._ZNK3ros9Publisher7publishIN13geometry_msgs6Point_ISaIvEEEEEvRKT_[_ZNK3ros9Publisher7publishIN13geometry_msgs6Point_ISaIvEEEEEvRKT_]+0xa35): undefined reference to `ros::Publisher::publish(boost::function<ros::SerializedMessage ()> const&, ros::SerializedMessage&) const'
/usr/bin/ld: CMakeFiles/manager_multiplos_node.dir/src/managerMultiplos.cpp.o: in function `void ros::serialization::Serializer<unsigned int>::write<ros::serialization::OStream>(ros::serialization::OStream&, unsigned int)':
managerMultiplos.cpp:(.text._ZN3ros13serialization10SerializerIjE5writeINS0_7OStreamEEEvRT_j[_ZN3ros13serialization10SerializerIjE5writeINS0_7OStreamEEEvRT_j]+0x56): undefined reference to `ros::serialization::throwStreamOverrun()'
/usr/bin/ld: CMakeFiles/manager_multiplos_node.dir/src/managerMultiplos.cpp.o: in function `void ros::serialization::Serializer<double>::write<ros::serialization::OStream>(ros::serialization::OStream&, double)':
managerMultiplos.cpp:(.text._ZN3ros13serialization10SerializerIdE5writeINS0_7OStreamEEEvRT_d[_ZN3ros13serialization10SerializerIdE5writeINS0_7OStreamEEEvRT_d]+0x58): undefined reference to `ros::serialization::throwStreamOverrun()'
/usr/bin/ld: CMakeFiles/manager_multiplos_node.dir/src/managerMultiplos.cpp.o: in function `ros::SubscriptionCallbackHelperT<boost::shared_ptr<geometry_msgs::Point_<std::allocator<void> > const> const&, void>::deserialize(ros::SubscriptionCallbackHelperDeserializeParams const&)':
managerMultiplos.cpp:(.text._ZN3ros27SubscriptionCallbackHelperTIRKN5boost10shared_ptrIKN13geometry_msgs6Point_ISaIvEEEEEvE11deserializeERKNS_43SubscriptionCallbackHelperDeserializeParamsE[_ZN3ros27SubscriptionCallbackHelperTIRKN5boost10shared_ptrIKN13geometry_msgs6Point_ISaIvEEEEEvE11deserializeERKNS_43SubscriptionCallbackHelperDeserializeParamsE]+0x65): undefined reference to `ros::console::g_initialized'
/usr/bin/ld: managerMultiplos.cpp:(.text._ZN3ros27SubscriptionCallbackHelperTIRKN5boost10shared_ptrIKN13geometry_msgs6Point_ISaIvEEEEEvE11deserializeERKNS_43SubscriptionCallbackHelperDeserializeParamsE[_ZN3ros27SubscriptionCallbackHelperTIRKN5boost10shared_ptrIKN13geometry_msgs6Point_ISaIvEEEEEvE11deserializeERKNS_43SubscriptionCallbackHelperDeserializeParamsE]+0x75): undefined reference to `ros::console::initialize()'
/usr/bin/ld: managerMultiplos.cpp:(.text._ZN3ros27SubscriptionCallbackHelperTIRKN5boost10shared_ptrIKN13geometry_msgs6Point_ISaIvEEEEEvE11deserializeERKNS_43SubscriptionCallbackHelperDeserializeParamsE[_ZN3ros27SubscriptionCallbackHelperTIRKN5boost10shared_ptrIKN13geometry_msgs6Point_ISaIvEEEEEvE11deserializeERKNS_43SubscriptionCallbackHelperDeserializeParamsE]+0xc2): undefined reference to `ros::console::initializeLogLocation(ros::console::LogLocation*, std::__cxx11::basic_string<char, std::char_traits<char>, std::allocator<char> > const&, ros::console::levels::Level)'
/usr/bin/ld: managerMultiplos.cpp:(.text._ZN3ros27SubscriptionCallbackHelperTIRKN5boost10shared_ptrIKN13geometry_msgs6Point_ISaIvEEEEEvE11deserializeERKNS_43SubscriptionCallbackHelperDeserializeParamsE[_ZN3ros27SubscriptionCallbackHelperTIRKN5boost10shared_ptrIKN13geometry_msgs6Point_ISaIvEEEEEvE11deserializeERKNS_43SubscriptionCallbackHelperDeserializeParamsE]+0xfe): undefined reference to `ros::console::setLogLocationLevel(ros::console::LogLocation*, ros::console::levels::Level)'
/usr/bin/ld: managerMultiplos.cpp:(.text._ZN3ros27SubscriptionCallbackHelperTIRKN5boost10shared_ptrIKN13geometry_msgs6Point_ISaIvEEEEEvE11deserializeERKNS_43SubscriptionCallbackHelperDeserializeParamsE[_ZN3ros27SubscriptionCallbackHelperTIRKN5boost10shared_ptrIKN13geometry_msgs6Point_ISaIvEEEEEvE11deserializeERKNS_43SubscriptionCallbackHelperDeserializeParamsE]+0x10a): undefined reference to `ros::console::checkLogLocationEnabled(ros::console::LogLocation*)'
/usr/bin/ld: managerMultiplos.cpp:(.text._ZN3ros27SubscriptionCallbackHelperTIRKN5boost10shared_ptrIKN13geometry_msgs6Point_ISaIvEEEEEvE11deserializeERKNS_43SubscriptionCallbackHelperDeserializeParamsE[_ZN3ros27SubscriptionCallbackHelperTIRKN5boost10shared_ptrIKN13geometry_msgs6Point_ISaIvEEEEEvE11deserializeERKNS_43SubscriptionCallbackHelperDeserializeParamsE]+0x187): undefined reference to `ros::console::print(ros::console::FilterBase*, void*, ros::console::levels::Level, char const*, int, char const*, char const*, ...)'
/usr/bin/ld: CMakeFiles/manager_multiplos_node.dir/src/managerMultiplos.cpp.o: in function `ros::SubscriptionCallbackHelperT<boost::shared_ptr<ar_track_alvar_msgs::AlvarMarkers_<std::allocator<void> > const> const&, void>::deserialize(ros::SubscriptionCallbackHelperDeserializeParams const&)':
managerMultiplos.cpp:(.text._ZN3ros27SubscriptionCallbackHelperTIRKN5boost10shared_ptrIKN19ar_track_alvar_msgs13AlvarMarkers_ISaIvEEEEEvE11deserializeERKNS_43SubscriptionCallbackHelperDeserializeParamsE[_ZN3ros27SubscriptionCallbackHelperTIRKN5boost10shared_ptrIKN19ar_track_alvar_msgs13AlvarMarkers_ISaIvEEEEEvE11deserializeERKNS_43SubscriptionCallbackHelperDeserializeParamsE]+0x65): undefined reference to `ros::console::g_initialized'
/usr/bin/ld: managerMultiplos.cpp:(.text._ZN3ros27SubscriptionCallbackHelperTIRKN5boost10shared_ptrIKN19ar_track_alvar_msgs13AlvarMarkers_ISaIvEEEEEvE11deserializeERKNS_43SubscriptionCallbackHelperDeserializeParamsE[_ZN3ros27SubscriptionCallbackHelperTIRKN5boost10shared_ptrIKN19ar_track_alvar_msgs13AlvarMarkers_ISaIvEEEEEvE11deserializeERKNS_43SubscriptionCallbackHelperDeserializeParamsE]+0x75): undefined reference to `ros::console::initialize()'
/usr/bin/ld: managerMultiplos.cpp:(.text._ZN3ros27SubscriptionCallbackHelperTIRKN5boost10shared_ptrIKN19ar_track_alvar_msgs13AlvarMarkers_ISaIvEEEEEvE11deserializeERKNS_43SubscriptionCallbackHelperDeserializeParamsE[_ZN3ros27SubscriptionCallbackHelperTIRKN5boost10shared_ptrIKN19ar_track_alvar_msgs13AlvarMarkers_ISaIvEEEEEvE11deserializeERKNS_43SubscriptionCallbackHelperDeserializeParamsE]+0xc2): undefined reference to `ros::console::initializeLogLocation(ros::console::LogLocation*, std::__cxx11::basic_string<char, std::char_traits<char>, std::allocator<char> > const&, ros::console::levels::Level)'
/usr/bin/ld: managerMultiplos.cpp:(.text._ZN3ros27SubscriptionCallbackHelperTIRKN5boost10shared_ptrIKN19ar_track_alvar_msgs13AlvarMarkers_ISaIvEEEEEvE11deserializeERKNS_43SubscriptionCallbackHelperDeserializeParamsE[_ZN3ros27SubscriptionCallbackHelperTIRKN5boost10shared_ptrIKN19ar_track_alvar_msgs13AlvarMarkers_ISaIvEEEEEvE11deserializeERKNS_43SubscriptionCallbackHelperDeserializeParamsE]+0xfe): undefined reference to `ros::console::setLogLocationLevel(ros::console::LogLocation*, ros::console::levels::Level)'
/usr/bin/ld: managerMultiplos.cpp:(.text._ZN3ros27SubscriptionCallbackHelperTIRKN5boost10shared_ptrIKN19ar_track_alvar_msgs13AlvarMarkers_ISaIvEEEEEvE11deserializeERKNS_43SubscriptionCallbackHelperDeserializeParamsE[_ZN3ros27SubscriptionCallbackHelperTIRKN5boost10shared_ptrIKN19ar_track_alvar_msgs13AlvarMarkers_ISaIvEEEEEvE11deserializeERKNS_43SubscriptionCallbackHelperDeserializeParamsE]+0x10a): undefined reference to `ros::console::checkLogLocationEnabled(ros::console::LogLocation*)'
/usr/bin/ld: managerMultiplos.cpp:(.text._ZN3ros27SubscriptionCallbackHelperTIRKN5boost10shared_ptrIKN19ar_track_alvar_msgs13AlvarMarkers_ISaIvEEEEEvE11deserializeERKNS_43SubscriptionCallbackHelperDeserializeParamsE[_ZN3ros27SubscriptionCallbackHelperTIRKN5boost10shared_ptrIKN19ar_track_alvar_msgs13AlvarMarkers_ISaIvEEEEEvE11deserializeERKNS_43SubscriptionCallbackHelperDeserializeParamsE]+0x187): undefined reference to `ros::console::print(ros::console::FilterBase*, void*, ros::console::levels::Level, char const*, int, char const*, char const*, ...)'
/usr/bin/ld: CMakeFiles/manager_multiplos_node.dir/src/managerMultiplos.cpp.o: in function `void ros::serialization::Serializer<double>::read<ros::serialization::IStream>(ros::serialization::IStream&, double&)':
managerMultiplos.cpp:(.text._ZN3ros13serialization10SerializerIdE4readINS0_7IStreamEEEvRT_Rd[_ZN3ros13serialization10SerializerIdE4readINS0_7IStreamEEEvRT_Rd]+0x57): undefined reference to `ros::serialization::throwStreamOverrun()'
/usr/bin/ld: CMakeFiles/manager_multiplos_node.dir/src/managerMultiplos.cpp.o: in function `void ros::serialization::Serializer<unsigned int>::read<ros::serialization::IStream>(ros::serialization::IStream&, unsigned int&)':
managerMultiplos.cpp:(.text._ZN3ros13serialization10SerializerIjE4readINS0_7IStreamEEEvRT_Rj[_ZN3ros13serialization10SerializerIjE4readINS0_7IStreamEEEvRT_Rj]+0x57): undefined reference to `ros::serialization::throwStreamOverrun()'
/usr/bin/ld: CMakeFiles/manager_multiplos_node.dir/src/managerMultiplos.cpp.o: in function `void ros::serialization::Serializer<std::__cxx11::basic_string<char, std::char_traits<char>, std::allocator<char> > >::read<ros::serialization::IStream>(ros::serialization::IStream&, std::__cxx11::basic_string<char, std::char_traits<char>, std::allocator<char> >&)':
managerMultiplos.cpp:(.text._ZN3ros13serialization10SerializerINSt7__cxx1112basic_stringIcSt11char_traitsIcESaIcEEEE4readINS0_7IStreamEEEvRT_RS7_[_ZN3ros13serialization10SerializerINSt7__cxx1112basic_stringIcSt11char_traitsIcESaIcEEEE4readINS0_7IStreamEEEvRT_RS7_]+0x9e): undefined reference to `ros::serialization::throwStreamOverrun()'
collect2: error: ld returned 1 exit status
make[2]: *** [CMakeFiles/manager_multiplos_node.dir/build.make:84: /home/rech/wsTcc/devel/.private/tccDrones/lib/tccDrones/manager_multiplos_node] Error 1
make[1]: *** [CMakeFiles/Makefile2:233: CMakeFiles/manager_multiplos_node.dir/all] Error 2
make: *** [Makefile:141: all] Error 2
