[01m[K/home/rech/wsTcc/src/tccDrones/src/manager.cpp:[m[K In function ‘[01m[Kstd::ofstream* CriaLog()[m[K’:
[01m[K/home/rech/wsTcc/src/tccDrones/src/manager.cpp:98:12:[m[K [01;35m[Kwarning: [m[Kaddress of local variable ‘[01m[KlogFile[m[K’ returned [[01;35m[K-Wreturn-local-addr[m[K]
   98 |     return [01;35m[K&logFile[m[K;
      |            [01;35m[K^~~~~~~~[m[K
[01m[K/home/rech/wsTcc/src/tccDrones/src/manager.cpp:86:14:[m[K [01;36m[Knote: [m[Kdeclared here
   86 |     ofstream [01;36m[KlogFile[m[K;
      |              [01;36m[K^~~~~~~[m[K
[01m[K/home/rech/wsTcc/src/tccDrones/src/manager.cpp:[m[K In function ‘[01m[Kint main(int, char**)[m[K’:
[01m[K/home/rech/wsTcc/src/tccDrones/src/manager.cpp:120:12:[m[K [01;31m[Kerror: [m[Kcannot convert ‘[01m[Kstd::string[m[K’ {aka ‘[01m[Kstd::__cxx11::basic_string<char>[m[K’} to ‘[01m[Kchar*[m[K’
  120 |     strcat([01;31m[KnameFile[m[K, "teste5.txt");
      |            [01;31m[K^~~~~~~~[m[K
      |            [01;31m[K|[m[K
      |            [01;31m[Kstd::string {aka std::__cxx11::basic_string<char>}[m[K
In file included from [01m[K/usr/include/c++/9/cstring:42[m[K,
                 from [01m[K/usr/include/boost/math/policies/error_handling.hpp:14[m[K,
                 from [01m[K/usr/include/boost/math/special_functions/round.hpp:14[m[K,
                 from [01m[K/opt/ros/noetic/include/ros/time.h:58[m[K,
                 from [01m[K/opt/ros/noetic/include/ros/serialization.h:34[m[K,
                 from [01m[K/opt/ros/noetic/include/std_msgs/Float32.h:14[m[K,
                 from [01m[K/home/rech/wsTcc/src/tccDrones/src/manager.cpp:6[m[K:
[01m[K/usr/include/string.h:130:39:[m[K [01;36m[Knote: [m[K  initializing argument 1 of ‘[01m[Kchar* strcat(char*, const char*)[m[K’
  130 | extern char *strcat ([01;36m[Kchar *__restrict __dest[m[K, const char *__restrict __src)
      |                      [01;36m[K~~~~~~~~~~~~~~~~~^~~~~~[m[K
make[2]: *** [CMakeFiles/manager_node.dir/build.make:63: CMakeFiles/manager_node.dir/src/manager.cpp.o] Error 1
make[1]: *** [CMakeFiles/Makefile2:2364: CMakeFiles/manager_node.dir/all] Error 2
make: *** [Makefile:141: all] Error 2
