[01m[K/home/rech/wsTcc/src/tccDrones/src/manager.cpp:[m[K In function ‘[01m[Kstd::ofstream* CriaLog()[m[K’:
[01m[K/home/rech/wsTcc/src/tccDrones/src/manager.cpp:98:12:[m[K [01;35m[Kwarning: [m[Kaddress of local variable ‘[01m[KlogFile[m[K’ returned [[01;35m[K-Wreturn-local-addr[m[K]
   98 |     return [01;35m[K&logFile[m[K;
      |            [01;35m[K^~~~~~~~[m[K
[01m[K/home/rech/wsTcc/src/tccDrones/src/manager.cpp:86:14:[m[K [01;36m[Knote: [m[Kdeclared here
   86 |     ofstream [01;36m[KlogFile[m[K;
      |              [01;36m[K^~~~~~~[m[K
[01m[K/home/rech/wsTcc/src/tccDrones/src/manager.cpp:[m[K In function ‘[01m[Kvoid EscreveLog(geometry_msgs::Point, std::ofstream*)[m[K’:
[01m[K/home/rech/wsTcc/src/tccDrones/src/manager.cpp:103:10:[m[K [01;31m[Kerror: [m[Kinvalid operands of types ‘[01m[Kstd::ofstream*[m[K’ {aka ‘[01m[Kstd::basic_ofstream<char>*[m[K’} and ‘[01m[Kgeometry_msgs::Point_<std::allocator<void> >::_x_type[m[K’ {aka ‘[01m[Kdouble[m[K’} to binary ‘[01m[Koperator<<[m[K’
  103 |     [32m[Kfile[m[K [01;31m[K<<[m[K [34m[KtagPoseChild0.x[m[K  << ";" << tagPoseChild0.y << ";" << tagPoseChild0.z << ";" <<
      |     [32m[K~~~~[m[K [01;31m[K^~[m[K [34m[K~~~~~~~~~~~~~~~[m[K
      |     [32m[K|[m[K                     [34m[K|[m[K
      |     [32m[K|[m[K                     [34m[Kgeometry_msgs::Point_<std::allocator<void> >::_x_type {aka double}[m[K
      |     [32m[Kstd::ofstream* {aka std::basic_ofstream<char>*}[m[K
[01m[K/home/rech/wsTcc/src/tccDrones/src/manager.cpp:[m[K In function ‘[01m[Kint main(int, char**)[m[K’:
[01m[K/home/rech/wsTcc/src/tccDrones/src/manager.cpp:194:13:[m[K [01;31m[Kerror: [m[K‘[01m[KlogFile[m[K’ was not declared in this scope; did you mean ‘[01m[Klogl[m[K’?
  194 |             [01;31m[KlogFile[m[K.close();
      |             [01;31m[K^~~~~~~[m[K
      |             [32m[Klogl[m[K
[01m[K/home/rech/wsTcc/src/tccDrones/src/manager.cpp:205:58:[m[K [01;31m[Kerror: [m[Kno matching function for call to ‘[01m[Kros::Publisher::publish(__gnu_cxx::__alloc_traits<std::allocator<geometry_msgs::Point_<std::allocator<void> > >, geometry_msgs::Point_<std::allocator<void> > >::value_type&, std::ofstream*&)[m[K’
  205 |             gotoChild0.publish(route1[estadoRota], piroca[01;31m[K)[m[K;
      |                                                          [01;31m[K^[m[K
In file included from [01m[K/opt/ros/noetic/include/ros/node_handle.h:32[m[K,
                 from [01m[K/opt/ros/noetic/include/ros/ros.h:45[m[K,
                 from [01m[K/home/rech/wsTcc/src/tccDrones/src/manager.cpp:8[m[K:
[01m[K/opt/ros/noetic/include/ros/publisher.h:65:12:[m[K [01;36m[Knote: [m[Kcandidate: ‘[01m[Ktemplate<class M> void ros::Publisher::publish(const boost::shared_ptr<X>&) const[m[K’
   65 |       void [01;36m[Kpublish[m[K(const boost::shared_ptr<M>& message) const
      |            [01;36m[K^~~~~~~[m[K
[01m[K/opt/ros/noetic/include/ros/publisher.h:65:12:[m[K [01;36m[Knote: [m[K  template argument deduction/substitution failed:
[01m[K/home/rech/wsTcc/src/tccDrones/src/manager.cpp:205:58:[m[K [01;36m[Knote: [m[K  ‘[01m[K__gnu_cxx::__alloc_traits<std::allocator<geometry_msgs::Point_<std::allocator<void> > >, geometry_msgs::Point_<std::allocator<void> > >::value_type[m[K’ {aka ‘[01m[Kgeometry_msgs::Point_<std::allocator<void> >[m[K’} is not derived from ‘[01m[Kconst boost::shared_ptr<X>[m[K’
  205 |             gotoChild0.publish(route1[estadoRota], piroca[01;36m[K)[m[K;
      |                                                          [01;36m[K^[m[K
In file included from [01m[K/opt/ros/noetic/include/ros/node_handle.h:32[m[K,
                 from [01m[K/opt/ros/noetic/include/ros/ros.h:45[m[K,
                 from [01m[K/home/rech/wsTcc/src/tccDrones/src/manager.cpp:8[m[K:
[01m[K/opt/ros/noetic/include/ros/publisher.h:100:12:[m[K [01;36m[Knote: [m[Kcandidate: ‘[01m[Ktemplate<class M> void ros::Publisher::publish(const M&) const[m[K’
  100 |       void [01;36m[Kpublish[m[K(const M& message) const
      |            [01;36m[K^~~~~~~[m[K
[01m[K/opt/ros/noetic/include/ros/publisher.h:100:12:[m[K [01;36m[Knote: [m[K  template argument deduction/substitution failed:
[01m[K/home/rech/wsTcc/src/tccDrones/src/manager.cpp:205:58:[m[K [01;36m[Knote: [m[K  candidate expects 1 argument, 2 provided
  205 |             gotoChild0.publish(route1[estadoRota], piroca[01;36m[K)[m[K;
      |                                                          [01;36m[K^[m[K
In file included from [01m[K/opt/ros/noetic/include/ros/node_handle.h:32[m[K,
                 from [01m[K/opt/ros/noetic/include/ros/ros.h:45[m[K,
                 from [01m[K/home/rech/wsTcc/src/tccDrones/src/manager.cpp:8[m[K:
[01m[K/opt/ros/noetic/include/ros/publisher.h:183:10:[m[K [01;36m[Knote: [m[Kcandidate: ‘[01m[Kvoid ros::Publisher::publish(const boost::function<ros::SerializedMessage()>&, ros::SerializedMessage&) const[m[K’
  183 |     void [01;36m[Kpublish[m[K(const boost::function<SerializedMessage(void)>& serfunc, SerializedMessage& m) const;
      |          [01;36m[K^~~~~~~[m[K
[01m[K/opt/ros/noetic/include/ros/publisher.h:183:94:[m[K [01;36m[Knote: [m[K  no known conversion for argument 2 from ‘[01m[Kstd::ofstream*[m[K’ {aka ‘[01m[Kstd::basic_ofstream<char>*[m[K’} to ‘[01m[Kros::SerializedMessage&[m[K’
  183 |     void publish(const boost::function<SerializedMessage(void)>& serfunc, [01;36m[KSerializedMessage& m[m[K) const;
      |                                                                           [01;36m[K~~~~~~~~~~~~~~~~~~~^[m[K
[01m[K/home/rech/wsTcc/src/tccDrones/src/manager.cpp:206:42:[m[K [01;31m[Kerror: [m[Ktoo few arguments to function ‘[01m[Kvoid EscreveLog(geometry_msgs::Point, std::ofstream*)[m[K’
  206 |             EscreveLog(route1[estadoRota][01;31m[K)[m[K;
      |                                          [01;31m[K^[m[K
[01m[K/home/rech/wsTcc/src/tccDrones/src/manager.cpp:101:6:[m[K [01;36m[Knote: [m[Kdeclared here
  101 | void [01;36m[KEscreveLog[m[K(geometry_msgs::Point ponto, ofstream * file)
      |      [01;36m[K^~~~~~~~~~[m[K
[01m[K/home/rech/wsTcc/src/tccDrones/src/manager.cpp:214:13:[m[K [01;31m[Kerror: [m[K‘[01m[KlogFile[m[K’ was not declared in this scope; did you mean ‘[01m[Klogl[m[K’?
  214 |             [01;31m[KlogFile[m[K.close();
      |             [01;31m[K^~~~~~~[m[K
      |             [32m[Klogl[m[K
[01m[K/home/rech/wsTcc/src/tccDrones/src/manager.cpp:234:13:[m[K [01;31m[Kerror: [m[K‘[01m[KlogFile[m[K’ was not declared in this scope; did you mean ‘[01m[Klogl[m[K’?
  234 |             [01;31m[KlogFile[m[K.close();
      |             [01;31m[K^~~~~~~[m[K
      |             [32m[Klogl[m[K
make[2]: *** [CMakeFiles/manager_node.dir/build.make:63: CMakeFiles/manager_node.dir/src/manager.cpp.o] Error 1
make[1]: *** [CMakeFiles/Makefile2:2364: CMakeFiles/manager_node.dir/all] Error 2
make: *** [Makefile:141: all] Error 2
