[01m[K/home/rech/wsTcc/src/tccDrones/src/manager.cpp:[m[K In function ‘[01m[Kstd::ofstream* CriaLog()[m[K’:
[01m[K/home/rech/wsTcc/src/tccDrones/src/manager.cpp:98:12:[m[K [01;35m[Kwarning: [m[Kaddress of local variable ‘[01m[KlogFile[m[K’ returned [[01;35m[K-Wreturn-local-addr[m[K]
   98 |     return [01;35m[K&logFile[m[K;
      |            [01;35m[K^~~~~~~~[m[K
[01m[K/home/rech/wsTcc/src/tccDrones/src/manager.cpp:86:14:[m[K [01;36m[Knote: [m[Kdeclared here
   86 |     ofstream [01;36m[KlogFile[m[K;
      |              [01;36m[K^~~~~~~[m[K
[01m[K/home/rech/wsTcc/src/tccDrones/src/manager.cpp:[m[K In function ‘[01m[Kint main(int, char**)[m[K’:
[01m[K/home/rech/wsTcc/src/tccDrones/src/manager.cpp:120:53:[m[K [01;31m[Kerror: [m[Kno matching function for call to ‘[01m[Kto_string(const char [26])[m[K’
  120 |     nameFile = to_string("src/tccDrones/logsPos/log"[01;31m[K)[m[K + data + to_string(".csv") ;
      |                                                     [01;31m[K^[m[K
In file included from [01m[K/usr/include/c++/9/string:55[m[K,
                 from [01m[K/home/rech/wsTcc/src/tccDrones/src/manager.cpp:3[m[K:
[01m[K/usr/include/c++/9/bits/basic_string.h:6549:3:[m[K [01;36m[Knote: [m[Kcandidate: ‘[01m[Kstd::string std::__cxx11::to_string(int)[m[K’ <near match>
 6549 |   [01;36m[Kto_string[m[K(int __val)
      |   [01;36m[K^~~~~~~~~[m[K
[01m[K/usr/include/c++/9/bits/basic_string.h:6549:3:[m[K [01;36m[Knote: [m[K  conversion of argument 1 would be ill-formed:
[01m[K/home/rech/wsTcc/src/tccDrones/src/manager.cpp:120:26:[m[K [01;31m[Kerror: [m[Kinvalid conversion from ‘[01m[Kconst char*[m[K’ to ‘[01m[Kint[m[K’ [[01;31m[K-fpermissive[m[K]
  120 |     nameFile = to_string([01;31m[K"src/tccDrones/logsPos/log"[m[K) + data + to_string(".csv") ;
      |                          [01;31m[K^~~~~~~~~~~~~~~~~~~~~~~~~~~[m[K
      |                          [01;31m[K|[m[K
      |                          [01;31m[Kconst char*[m[K
In file included from [01m[K/usr/include/c++/9/string:55[m[K,
                 from [01m[K/home/rech/wsTcc/src/tccDrones/src/manager.cpp:3[m[K:
[01m[K/usr/include/c++/9/bits/basic_string.h:6554:3:[m[K [01;36m[Knote: [m[Kcandidate: ‘[01m[Kstd::string std::__cxx11::to_string(unsigned int)[m[K’ <near match>
 6554 |   [01;36m[Kto_string[m[K(unsigned __val)
      |   [01;36m[K^~~~~~~~~[m[K
[01m[K/usr/include/c++/9/bits/basic_string.h:6554:3:[m[K [01;36m[Knote: [m[K  conversion of argument 1 would be ill-formed:
[01m[K/home/rech/wsTcc/src/tccDrones/src/manager.cpp:120:26:[m[K [01;31m[Kerror: [m[Kinvalid conversion from ‘[01m[Kconst char*[m[K’ to ‘[01m[Kunsigned int[m[K’ [[01;31m[K-fpermissive[m[K]
  120 |     nameFile = to_string([01;31m[K"src/tccDrones/logsPos/log"[m[K) + data + to_string(".csv") ;
      |                          [01;31m[K^~~~~~~~~~~~~~~~~~~~~~~~~~~[m[K
      |                          [01;31m[K|[m[K
      |                          [01;31m[Kconst char*[m[K
In file included from [01m[K/usr/include/c++/9/string:55[m[K,
                 from [01m[K/home/rech/wsTcc/src/tccDrones/src/manager.cpp:3[m[K:
[01m[K/usr/include/c++/9/bits/basic_string.h:6560:3:[m[K [01;36m[Knote: [m[Kcandidate: ‘[01m[Kstd::string std::__cxx11::to_string(long int)[m[K’ <near match>
 6560 |   [01;36m[Kto_string[m[K(long __val)
      |   [01;36m[K^~~~~~~~~[m[K
[01m[K/usr/include/c++/9/bits/basic_string.h:6560:3:[m[K [01;36m[Knote: [m[K  conversion of argument 1 would be ill-formed:
[01m[K/home/rech/wsTcc/src/tccDrones/src/manager.cpp:120:26:[m[K [01;31m[Kerror: [m[Kinvalid conversion from ‘[01m[Kconst char*[m[K’ to ‘[01m[Klong int[m[K’ [[01;31m[K-fpermissive[m[K]
  120 |     nameFile = to_string([01;31m[K"src/tccDrones/logsPos/log"[m[K) + data + to_string(".csv") ;
      |                          [01;31m[K^~~~~~~~~~~~~~~~~~~~~~~~~~~[m[K
      |                          [01;31m[K|[m[K
      |                          [01;31m[Kconst char*[m[K
In file included from [01m[K/usr/include/c++/9/string:55[m[K,
                 from [01m[K/home/rech/wsTcc/src/tccDrones/src/manager.cpp:3[m[K:
[01m[K/usr/include/c++/9/bits/basic_string.h:6565:3:[m[K [01;36m[Knote: [m[Kcandidate: ‘[01m[Kstd::string std::__cxx11::to_string(long unsigned int)[m[K’ <near match>
 6565 |   [01;36m[Kto_string[m[K(unsigned long __val)
      |   [01;36m[K^~~~~~~~~[m[K
[01m[K/usr/include/c++/9/bits/basic_string.h:6565:3:[m[K [01;36m[Knote: [m[K  conversion of argument 1 would be ill-formed:
[01m[K/home/rech/wsTcc/src/tccDrones/src/manager.cpp:120:26:[m[K [01;31m[Kerror: [m[Kinvalid conversion from ‘[01m[Kconst char*[m[K’ to ‘[01m[Klong unsigned int[m[K’ [[01;31m[K-fpermissive[m[K]
  120 |     nameFile = to_string([01;31m[K"src/tccDrones/logsPos/log"[m[K) + data + to_string(".csv") ;
      |                          [01;31m[K^~~~~~~~~~~~~~~~~~~~~~~~~~~[m[K
      |                          [01;31m[K|[m[K
      |                          [01;31m[Kconst char*[m[K
In file included from [01m[K/usr/include/c++/9/string:55[m[K,
                 from [01m[K/home/rech/wsTcc/src/tccDrones/src/manager.cpp:3[m[K:
[01m[K/usr/include/c++/9/bits/basic_string.h:6571:3:[m[K [01;36m[Knote: [m[Kcandidate: ‘[01m[Kstd::string std::__cxx11::to_string(long long int)[m[K’ <near match>
 6571 |   [01;36m[Kto_string[m[K(long long __val)
      |   [01;36m[K^~~~~~~~~[m[K
[01m[K/usr/include/c++/9/bits/basic_string.h:6571:3:[m[K [01;36m[Knote: [m[K  conversion of argument 1 would be ill-formed:
[01m[K/home/rech/wsTcc/src/tccDrones/src/manager.cpp:120:26:[m[K [01;31m[Kerror: [m[Kinvalid conversion from ‘[01m[Kconst char*[m[K’ to ‘[01m[Klong long int[m[K’ [[01;31m[K-fpermissive[m[K]
  120 |     nameFile = to_string([01;31m[K"src/tccDrones/logsPos/log"[m[K) + data + to_string(".csv") ;
      |                          [01;31m[K^~~~~~~~~~~~~~~~~~~~~~~~~~~[m[K
      |                          [01;31m[K|[m[K
      |                          [01;31m[Kconst char*[m[K
In file included from [01m[K/usr/include/c++/9/string:55[m[K,
                 from [01m[K/home/rech/wsTcc/src/tccDrones/src/manager.cpp:3[m[K:
[01m[K/usr/include/c++/9/bits/basic_string.h:6577:3:[m[K [01;36m[Knote: [m[Kcandidate: ‘[01m[Kstd::string std::__cxx11::to_string(long long unsigned int)[m[K’ <near match>
 6577 |   [01;36m[Kto_string[m[K(unsigned long long __val)
      |   [01;36m[K^~~~~~~~~[m[K
[01m[K/usr/include/c++/9/bits/basic_string.h:6577:3:[m[K [01;36m[Knote: [m[K  conversion of argument 1 would be ill-formed:
[01m[K/home/rech/wsTcc/src/tccDrones/src/manager.cpp:120:26:[m[K [01;31m[Kerror: [m[Kinvalid conversion from ‘[01m[Kconst char*[m[K’ to ‘[01m[Klong long unsigned int[m[K’ [[01;31m[K-fpermissive[m[K]
  120 |     nameFile = to_string([01;31m[K"src/tccDrones/logsPos/log"[m[K) + data + to_string(".csv") ;
      |                          [01;31m[K^~~~~~~~~~~~~~~~~~~~~~~~~~~[m[K
      |                          [01;31m[K|[m[K
      |                          [01;31m[Kconst char*[m[K
[01m[K/home/rech/wsTcc/src/tccDrones/src/manager.cpp:120:80:[m[K [01;31m[Kerror: [m[Kno matching function for call to ‘[01m[Kto_string(const char [5])[m[K’
  120 |     nameFile = to_string("src/tccDrones/logsPos/log") + data + to_string(".csv"[01;31m[K)[m[K ;
      |                                                                                [01;31m[K^[m[K
In file included from [01m[K/usr/include/c++/9/string:55[m[K,
                 from [01m[K/home/rech/wsTcc/src/tccDrones/src/manager.cpp:3[m[K:
[01m[K/usr/include/c++/9/bits/basic_string.h:6549:3:[m[K [01;36m[Knote: [m[Kcandidate: ‘[01m[Kstd::string std::__cxx11::to_string(int)[m[K’ <near match>
 6549 |   [01;36m[Kto_string[m[K(int __val)
      |   [01;36m[K^~~~~~~~~[m[K
[01m[K/usr/include/c++/9/bits/basic_string.h:6549:3:[m[K [01;36m[Knote: [m[K  conversion of argument 1 would be ill-formed:
[01m[K/home/rech/wsTcc/src/tccDrones/src/manager.cpp:120:74:[m[K [01;31m[Kerror: [m[Kinvalid conversion from ‘[01m[Kconst char*[m[K’ to ‘[01m[Kint[m[K’ [[01;31m[K-fpermissive[m[K]
  120 |     nameFile = to_string("src/tccDrones/logsPos/log") + data + to_string([01;31m[K".csv"[m[K) ;
      |                                                                          [01;31m[K^~~~~~[m[K
      |                                                                          [01;31m[K|[m[K
      |                                                                          [01;31m[Kconst char*[m[K
In file included from [01m[K/usr/include/c++/9/string:55[m[K,
                 from [01m[K/home/rech/wsTcc/src/tccDrones/src/manager.cpp:3[m[K:
[01m[K/usr/include/c++/9/bits/basic_string.h:6554:3:[m[K [01;36m[Knote: [m[Kcandidate: ‘[01m[Kstd::string std::__cxx11::to_string(unsigned int)[m[K’ <near match>
 6554 |   [01;36m[Kto_string[m[K(unsigned __val)
      |   [01;36m[K^~~~~~~~~[m[K
[01m[K/usr/include/c++/9/bits/basic_string.h:6554:3:[m[K [01;36m[Knote: [m[K  conversion of argument 1 would be ill-formed:
[01m[K/home/rech/wsTcc/src/tccDrones/src/manager.cpp:120:74:[m[K [01;31m[Kerror: [m[Kinvalid conversion from ‘[01m[Kconst char*[m[K’ to ‘[01m[Kunsigned int[m[K’ [[01;31m[K-fpermissive[m[K]
  120 |     nameFile = to_string("src/tccDrones/logsPos/log") + data + to_string([01;31m[K".csv"[m[K) ;
      |                                                                          [01;31m[K^~~~~~[m[K
      |                                                                          [01;31m[K|[m[K
      |                                                                          [01;31m[Kconst char*[m[K
In file included from [01m[K/usr/include/c++/9/string:55[m[K,
                 from [01m[K/home/rech/wsTcc/src/tccDrones/src/manager.cpp:3[m[K:
[01m[K/usr/include/c++/9/bits/basic_string.h:6560:3:[m[K [01;36m[Knote: [m[Kcandidate: ‘[01m[Kstd::string std::__cxx11::to_string(long int)[m[K’ <near match>
 6560 |   [01;36m[Kto_string[m[K(long __val)
      |   [01;36m[K^~~~~~~~~[m[K
[01m[K/usr/include/c++/9/bits/basic_string.h:6560:3:[m[K [01;36m[Knote: [m[K  conversion of argument 1 would be ill-formed:
[01m[K/home/rech/wsTcc/src/tccDrones/src/manager.cpp:120:74:[m[K [01;31m[Kerror: [m[Kinvalid conversion from ‘[01m[Kconst char*[m[K’ to ‘[01m[Klong int[m[K’ [[01;31m[K-fpermissive[m[K]
  120 |     nameFile = to_string("src/tccDrones/logsPos/log") + data + to_string([01;31m[K".csv"[m[K) ;
      |                                                                          [01;31m[K^~~~~~[m[K
      |                                                                          [01;31m[K|[m[K
      |                                                                          [01;31m[Kconst char*[m[K
In file included from [01m[K/usr/include/c++/9/string:55[m[K,
                 from [01m[K/home/rech/wsTcc/src/tccDrones/src/manager.cpp:3[m[K:
[01m[K/usr/include/c++/9/bits/basic_string.h:6565:3:[m[K [01;36m[Knote: [m[Kcandidate: ‘[01m[Kstd::string std::__cxx11::to_string(long unsigned int)[m[K’ <near match>
 6565 |   [01;36m[Kto_string[m[K(unsigned long __val)
      |   [01;36m[K^~~~~~~~~[m[K
[01m[K/usr/include/c++/9/bits/basic_string.h:6565:3:[m[K [01;36m[Knote: [m[K  conversion of argument 1 would be ill-formed:
[01m[K/home/rech/wsTcc/src/tccDrones/src/manager.cpp:120:74:[m[K [01;31m[Kerror: [m[Kinvalid conversion from ‘[01m[Kconst char*[m[K’ to ‘[01m[Klong unsigned int[m[K’ [[01;31m[K-fpermissive[m[K]
  120 |     nameFile = to_string("src/tccDrones/logsPos/log") + data + to_string([01;31m[K".csv"[m[K) ;
      |                                                                          [01;31m[K^~~~~~[m[K
      |                                                                          [01;31m[K|[m[K
      |                                                                          [01;31m[Kconst char*[m[K
In file included from [01m[K/usr/include/c++/9/string:55[m[K,
                 from [01m[K/home/rech/wsTcc/src/tccDrones/src/manager.cpp:3[m[K:
[01m[K/usr/include/c++/9/bits/basic_string.h:6571:3:[m[K [01;36m[Knote: [m[Kcandidate: ‘[01m[Kstd::string std::__cxx11::to_string(long long int)[m[K’ <near match>
 6571 |   [01;36m[Kto_string[m[K(long long __val)
      |   [01;36m[K^~~~~~~~~[m[K
[01m[K/usr/include/c++/9/bits/basic_string.h:6571:3:[m[K [01;36m[Knote: [m[K  conversion of argument 1 would be ill-formed:
[01m[K/home/rech/wsTcc/src/tccDrones/src/manager.cpp:120:74:[m[K [01;31m[Kerror: [m[Kinvalid conversion from ‘[01m[Kconst char*[m[K’ to ‘[01m[Klong long int[m[K’ [[01;31m[K-fpermissive[m[K]
  120 |     nameFile = to_string("src/tccDrones/logsPos/log") + data + to_string([01;31m[K".csv"[m[K) ;
      |                                                                          [01;31m[K^~~~~~[m[K
      |                                                                          [01;31m[K|[m[K
      |                                                                          [01;31m[Kconst char*[m[K
In file included from [01m[K/usr/include/c++/9/string:55[m[K,
                 from [01m[K/home/rech/wsTcc/src/tccDrones/src/manager.cpp:3[m[K:
[01m[K/usr/include/c++/9/bits/basic_string.h:6577:3:[m[K [01;36m[Knote: [m[Kcandidate: ‘[01m[Kstd::string std::__cxx11::to_string(long long unsigned int)[m[K’ <near match>
 6577 |   [01;36m[Kto_string[m[K(unsigned long long __val)
      |   [01;36m[K^~~~~~~~~[m[K
[01m[K/usr/include/c++/9/bits/basic_string.h:6577:3:[m[K [01;36m[Knote: [m[K  conversion of argument 1 would be ill-formed:
[01m[K/home/rech/wsTcc/src/tccDrones/src/manager.cpp:120:74:[m[K [01;31m[Kerror: [m[Kinvalid conversion from ‘[01m[Kconst char*[m[K’ to ‘[01m[Klong long unsigned int[m[K’ [[01;31m[K-fpermissive[m[K]
  120 |     nameFile = to_string("src/tccDrones/logsPos/log") + data + to_string([01;31m[K".csv"[m[K) ;
      |                                                                          [01;31m[K^~~~~~[m[K
      |                                                                          [01;31m[K|[m[K
      |                                                                          [01;31m[Kconst char*[m[K
make[2]: *** [CMakeFiles/manager_node.dir/build.make:63: CMakeFiles/manager_node.dir/src/manager.cpp.o] Error 1
make[1]: *** [CMakeFiles/Makefile2:2364: CMakeFiles/manager_node.dir/all] Error 2
make: *** [Makefile:141: all] Error 2
