[01m[K/home/rech/wsTcc/src/tccDrones/src/managerMultiplos.cpp:[m[K In function ‘[01m[Kint main(int, char**)[m[K’:
[01m[K/home/rech/wsTcc/src/tccDrones/src/managerMultiplos.cpp:133:5:[m[K [01;31m[Kerror: [m[K‘[01m[KposKid0[m[K’ was not declared in this scope; did you mean ‘[01m[KposKid[m[K’?
  133 |     [01;31m[KposKid0[m[K = nh.subscribe<geometry_msgs::Point>("/child0/checkPose", 1, &ChildPose0Callback);
      |     [01;31m[K^~~~~~~[m[K
      |     [32m[KposKid[m[K
[01m[K/home/rech/wsTcc/src/tccDrones/src/managerMultiplos.cpp:134:5:[m[K [01;31m[Kerror: [m[K‘[01m[KposKid1[m[K’ was not declared in this scope; did you mean ‘[01m[KposKid[m[K’?
  134 |     [01;31m[KposKid1[m[K = nh.subscribe<geometry_msgs::Point>("/child1/checkPose", 1, &ChildPose1Callback);
      |     [01;31m[K^~~~~~~[m[K
      |     [32m[KposKid[m[K
[01m[K/home/rech/wsTcc/src/tccDrones/src/managerMultiplos.cpp:135:5:[m[K [01;31m[Kerror: [m[K‘[01m[KposKid2[m[K’ was not declared in this scope; did you mean ‘[01m[KposKid[m[K’?
  135 |     [01;31m[KposKid2[m[K = nh.subscribe<geometry_msgs::Point>("/child2/checkPose", 1, &ChildPose2Callback);
      |     [01;31m[K^~~~~~~[m[K
      |     [32m[KposKid[m[K
[01m[K/home/rech/wsTcc/src/tccDrones/src/managerMultiplos.cpp:136:5:[m[K [01;31m[Kerror: [m[K‘[01m[KposKid3[m[K’ was not declared in this scope; did you mean ‘[01m[KposKid[m[K’?
  136 |     [01;31m[KposKid3[m[K = nh.subscribe<geometry_msgs::Point>("/child3/checkPose", 1, &ChildPose3Callback);
      |     [01;31m[K^~~~~~~[m[K
      |     [32m[KposKid[m[K
[01m[K/home/rech/wsTcc/src/tccDrones/src/managerMultiplos.cpp:233:12:[m[K [01;31m[Kerror: [m[Kredeclaration of ‘[01m[Kstd::string data[m[K’
  233 |     string [01;31m[Kdata[m[K;
      |            [01;31m[K^~~~[m[K
[01m[K/home/rech/wsTcc/src/tccDrones/src/managerMultiplos.cpp:110:12:[m[K [01;36m[Knote: [m[K‘[01m[Kstd::string data[m[K’ previously declared here
  110 |     string [01;36m[Kdata[m[K;
      |            [01;36m[K^~~~[m[K
[01m[K/home/rech/wsTcc/src/tccDrones/src/managerMultiplos.cpp:235:12:[m[K [01;31m[Kerror: [m[Kredeclaration of ‘[01m[Kstd::string second[m[K’
  235 |     string [01;31m[Ksecond[m[K ;
      |            [01;31m[K^~~~~~[m[K
[01m[K/home/rech/wsTcc/src/tccDrones/src/managerMultiplos.cpp:112:12:[m[K [01;36m[Knote: [m[K‘[01m[Kstd::string second[m[K’ previously declared here
  112 |     string [01;36m[Ksecond[m[K ;
      |            [01;36m[K^~~~~~[m[K
make[2]: *** [CMakeFiles/manager_multiplos_node.dir/build.make:63: CMakeFiles/manager_multiplos_node.dir/src/managerMultiplos.cpp.o] Error 1
make[1]: *** [CMakeFiles/Makefile2:235: CMakeFiles/manager_multiplos_node.dir/all] Error 2
make: *** [Makefile:141: all] Error 2
