[01m[K/home/rech/wsTcc/src/tccDrones/src/manager.cpp:[m[K In function ‘[01m[Kvoid EscreveLog(geometry_msgs::Point)[m[K’:
[01m[K/home/rech/wsTcc/src/tccDrones/src/manager.cpp:105:13:[m[K [01;31m[Kerror: [m[Kinvalid operands of types ‘[01m[Kstd::ofstream*[m[K’ {aka ‘[01m[Kstd::basic_ofstream<char>*[m[K’} and ‘[01m[Kgeometry_msgs::Point_<std::allocator<void> >::_x_type[m[K’ {aka ‘[01m[Kdouble[m[K’} to binary ‘[01m[Koperator<<[m[K’
  105 |     [32m[KlogFile[m[K [01;31m[K<<[m[K [34m[KtagPoseChild0.x[m[K  << ";" << tagPoseChild0.y << ";" << tagPoseChild0.z << ";" <<
      |     [32m[K~~~~~~~[m[K [01;31m[K^~[m[K [34m[K~~~~~~~~~~~~~~~[m[K
      |     [32m[K|[m[K                        [34m[K|[m[K
      |     [32m[K|[m[K                        [34m[Kgeometry_msgs::Point_<std::allocator<void> >::_x_type {aka double}[m[K
      |     [32m[Kstd::ofstream* {aka std::basic_ofstream<char>*}[m[K
[01m[K/home/rech/wsTcc/src/tccDrones/src/manager.cpp:[m[K In function ‘[01m[Kint main(int, char**)[m[K’:
[01m[K/home/rech/wsTcc/src/tccDrones/src/manager.cpp:194:21:[m[K [01;31m[Kerror: [m[Krequest for member ‘[01m[Kclose[m[K’ in ‘[01m[KlogFile[m[K’, which is of pointer type ‘[01m[Kstd::ofstream*[m[K’ {aka ‘[01m[Kstd::basic_ofstream<char>*[m[K’} (maybe you meant to use ‘[01m[K->[m[K’ ?)
  194 |             logFile.[01;31m[Kclose[m[K();
      |                     [01;31m[K^~~~~[m[K
[01m[K/home/rech/wsTcc/src/tccDrones/src/manager.cpp:214:21:[m[K [01;31m[Kerror: [m[Krequest for member ‘[01m[Kclose[m[K’ in ‘[01m[KlogFile[m[K’, which is of pointer type ‘[01m[Kstd::ofstream*[m[K’ {aka ‘[01m[Kstd::basic_ofstream<char>*[m[K’} (maybe you meant to use ‘[01m[K->[m[K’ ?)
  214 |             logFile.[01;31m[Kclose[m[K();
      |                     [01;31m[K^~~~~[m[K
[01m[K/home/rech/wsTcc/src/tccDrones/src/manager.cpp:234:21:[m[K [01;31m[Kerror: [m[Krequest for member ‘[01m[Kclose[m[K’ in ‘[01m[KlogFile[m[K’, which is of pointer type ‘[01m[Kstd::ofstream*[m[K’ {aka ‘[01m[Kstd::basic_ofstream<char>*[m[K’} (maybe you meant to use ‘[01m[K->[m[K’ ?)
  234 |             logFile.[01;31m[Kclose[m[K();
      |                     [01;31m[K^~~~~[m[K
make[2]: *** [CMakeFiles/manager_node.dir/build.make:63: CMakeFiles/manager_node.dir/src/manager.cpp.o] Error 1
make[1]: *** [CMakeFiles/Makefile2:2364: CMakeFiles/manager_node.dir/all] Error 2
make: *** [Makefile:141: all] Error 2
