[01m[K/home/rech/wsTcc/src/tccDrones/src/getTagPose.cpp:[m[K In function ‘[01m[Kstd_msgs::Float32 toEuler(geometry_msgs::Quaternion)[m[K’:
[01m[K/home/rech/wsTcc/src/tccDrones/src/getTagPose.cpp:70:47:[m[K [01;31m[Kerror: [m[Kno match for ‘[01m[Koperator=[m[K’ (operand types are ‘[01m[Kstd_msgs::Float32[m[K’ {aka ‘[01m[Kstd_msgs::Float32_<std::allocator<void> >[m[K’} and ‘[01m[Kdouble[m[K’)
   70 |     rotZRads = std::atan2(siny_cosp, cosy_cosp[01;31m[K)[m[K;
      |                                               [01;31m[K^[m[K
In file included from [01m[K/home/rech/wsTcc/src/tccDrones/src/getTagPose.cpp:4[m[K:
[01m[K/opt/ros/noetic/include/std_msgs/Float32.h:22:8:[m[K [01;36m[Knote: [m[Kcandidate: ‘[01m[Kconstexpr std_msgs::Float32_<std::allocator<void> >& std_msgs::Float32_<std::allocator<void> >::operator=(const std_msgs::Float32_<std::allocator<void> >&)[m[K’
   22 | struct [01;36m[KFloat32_[m[K
      |        [01;36m[K^~~~~~~~[m[K
[01m[K/opt/ros/noetic/include/std_msgs/Float32.h:22:8:[m[K [01;36m[Knote: [m[K  no known conversion for argument 1 from ‘[01m[Kdouble[m[K’ to ‘[01m[Kconst std_msgs::Float32_<std::allocator<void> >&[m[K’
[01m[K/opt/ros/noetic/include/std_msgs/Float32.h:22:8:[m[K [01;36m[Knote: [m[Kcandidate: ‘[01m[Kconstexpr std_msgs::Float32_<std::allocator<void> >& std_msgs::Float32_<std::allocator<void> >::operator=(std_msgs::Float32_<std::allocator<void> >&&)[m[K’
[01m[K/opt/ros/noetic/include/std_msgs/Float32.h:22:8:[m[K [01;36m[Knote: [m[K  no known conversion for argument 1 from ‘[01m[Kdouble[m[K’ to ‘[01m[Kstd_msgs::Float32_<std::allocator<void> >&&[m[K’
In file included from [01m[K/opt/ros/noetic/include/ros/ros.h:40[m[K,
                 from [01m[K/home/rech/wsTcc/src/tccDrones/src/getTagPose.cpp:6[m[K:
[01m[K/home/rech/wsTcc/src/tccDrones/src/getTagPose.cpp:[m[K In function ‘[01m[Kint main(int, char**)[m[K’:
[01m[K/home/rech/wsTcc/src/tccDrones/src/getTagPose.cpp:114:18:[m[K [01;35m[Kwarning: [m[Kformat ‘[01m[K%f[m[K’ expects argument of type ‘[01m[Kdouble[m[K’, but argument 8 has type ‘[01m[Kstd_msgs::Float32[m[K’ {aka ‘[01m[Kstd_msgs::Float32_<std::allocator<void> >[m[K’} [[01;35m[K-Wformat=[m[K]
  114 |         ROS_INFO([01;35m[K"Rotacao: %f"[m[K, [32m[KtoEuler(tagRotChild0)[m[K);
      |                  [01;35m[K^~~~~~~~~~~~~[m[K  [32m[K~~~~~~~~~~~~~~~~~~~~~[m[K
      |                                        [32m[K|[m[K
      |                                        [32m[Kstd_msgs::Float32 {aka std_msgs::Float32_<std::allocator<void> >}[m[K
[01m[K/opt/ros/noetic/include/ros/console.h:351:165:[m[K [01;36m[Knote: [m[Kin definition of macro ‘[01m[KROSCONSOLE_PRINT_AT_LOCATION_WITH_FILTER[m[K’
  351 |     ::ros::console::print(filter, __rosconsole_define_location__loc.logger_, __rosconsole_define_location__loc.level_, __FILE__, __LINE__, __ROSCONSOLE_FUNCTION__, [01;36m[K__VA_ARGS__[m[K)
      |                                                                                                                                                                     [01;36m[K^~~~~~~~~~~[m[K
[01m[K/opt/ros/noetic/include/ros/console.h:390:7:[m[K [01;36m[Knote: [m[Kin expansion of macro ‘[01m[KROSCONSOLE_PRINT_AT_LOCATION[m[K’
  390 |       [01;36m[KROSCONSOLE_PRINT_AT_LOCATION[m[K(__VA_ARGS__); \
      |       [01;36m[K^~~~~~~~~~~~~~~~~~~~~~~~~~~~[m[K
[01m[K/opt/ros/noetic/include/ros/console.h:575:35:[m[K [01;36m[Knote: [m[Kin expansion of macro ‘[01m[KROS_LOG_COND[m[K’
  575 | #define ROS_LOG(level, name, ...) [01;36m[KROS_LOG_COND[m[K(true, level, name, __VA_ARGS__)
      |                                   [01;36m[K^~~~~~~~~~~~[m[K
[01m[K/opt/ros/noetic/include/rosconsole/macros_generated.h:110:23:[m[K [01;36m[Knote: [m[Kin expansion of macro ‘[01m[KROS_LOG[m[K’
  110 | #define ROS_INFO(...) [01;36m[KROS_LOG[m[K(::ros::console::levels::Info, ROSCONSOLE_DEFAULT_NAME, __VA_ARGS__)
      |                       [01;36m[K^~~~~~~[m[K
[01m[K/home/rech/wsTcc/src/tccDrones/src/getTagPose.cpp:114:9:[m[K [01;36m[Knote: [m[Kin expansion of macro ‘[01m[KROS_INFO[m[K’
  114 |         [01;36m[KROS_INFO[m[K("Rotacao: %f", toEuler(tagRotChild0));
      |         [01;36m[K^~~~~~~~[m[K
[01m[K/home/rech/wsTcc/src/tccDrones/src/getTagPose.cpp:114:29:[m[K [01;36m[Knote: [m[Kformat string is defined here
  114 |         ROS_INFO("Rotacao: [01;36m[K%f[m[K", toEuler(tagRotChild0));
      |                            [01;36m[K~^[m[K
      |                             [01;36m[K|[m[K
      |                             [01;36m[Kdouble[m[K
make[2]: *** [CMakeFiles/getTagPose_node.dir/build.make:63: CMakeFiles/getTagPose_node.dir/src/getTagPose.cpp.o] Error 1
make[1]: *** [CMakeFiles/Makefile2:256: CMakeFiles/getTagPose_node.dir/all] Error 2
make: *** [Makefile:141: all] Error 2
