[01m[K/home/rech/wsTcc/src/tccDrones/src/manager.cpp:[m[K In function ‘[01m[Kint main(int, char**)[m[K’:
[01m[K/home/rech/wsTcc/src/tccDrones/src/manager.cpp:219:14:[m[K [01;31m[Kerror: [m[Kjump to case label
  219 |         case [01;31m[K2[m[K:
      |              [01;31m[K^[m[K
[01m[K/home/rech/wsTcc/src/tccDrones/src/manager.cpp:188:20:[m[K [01;36m[Knote: [m[K  crosses initialization of ‘[01m[Kstd::ofstream logFile[m[K’
  188 |           ofstream [01;36m[KlogFile[m[K;
      |                    [01;36m[K^~~~~~~[m[K
[01m[K/home/rech/wsTcc/src/tccDrones/src/manager.cpp:239:14:[m[K [01;31m[Kerror: [m[Kjump to case label
  239 |         case [01;31m[K3[m[K:
      |              [01;31m[K^[m[K
[01m[K/home/rech/wsTcc/src/tccDrones/src/manager.cpp:188:20:[m[K [01;36m[Knote: [m[K  crosses initialization of ‘[01m[Kstd::ofstream logFile[m[K’
  188 |           ofstream [01;36m[KlogFile[m[K;
      |                    [01;36m[K^~~~~~~[m[K
[01m[K/home/rech/wsTcc/src/tccDrones/src/manager.cpp:259:9:[m[K [01;31m[Kerror: [m[Kjump to case label
  259 |         [01;31m[Kdefault[m[K:
      |         [01;31m[K^~~~~~~[m[K
[01m[K/home/rech/wsTcc/src/tccDrones/src/manager.cpp:188:20:[m[K [01;36m[Knote: [m[K  crosses initialization of ‘[01m[Kstd::ofstream logFile[m[K’
  188 |           ofstream [01;36m[KlogFile[m[K;
      |                    [01;36m[K^~~~~~~[m[K
make[2]: *** [CMakeFiles/manager_node.dir/build.make:63: CMakeFiles/manager_node.dir/src/manager.cpp.o] Error 1
make[1]: *** [CMakeFiles/Makefile2:2364: CMakeFiles/manager_node.dir/all] Error 2
make: *** [Makefile:141: all] Error 2
