Not searching for unused variables given on the command line.
[36m--[0m Using CATKIN_DEVEL_PREFIX: /home/rech/wsTcc/devel/.private/tccDrones
[36m--[0m Using CMAKE_PREFIX_PATH: /home/rech/wsTcc/devel;/opt/ros/noetic
[36m--[0m This workspace overlays: /home/rech/wsTcc/devel;/opt/ros/noetic
[36m--[0m Found PythonInterp: /usr/bin/python3 (found suitable version "3.8.10", minimum required is "3")
[36m--[0m Using PYTHON_EXECUTABLE: /usr/bin/python3
[36m--[0m Using Debian Python package layout
[36m--[0m Using empy: /usr/lib/python3/dist-packages/em.py
[36m--[0m Using CATKIN_ENABLE_TESTING: ON
[36m--[0m Call enable_testing()
[36m--[0m Using CATKIN_TEST_RESULTS_DIR: /home/rech/wsTcc/build/tccDrones/test_results
[36m--[0m Forcing gtest/gmock from source, though one was otherwise available.
[36m--[0m Found gtest sources under '/usr/src/googletest': gtests will be built
[36m--[0m Found gmock sources under '/usr/src/googletest': gmock will be built
[36m--[0m Found PythonInterp: /usr/bin/python3 (found version "3.8.10")
[36m--[0m Using Python nosetests: /usr/bin/nosetests3
[36m--[0m catkin 0.8.10
[36m--[0m BUILD_SHARED_LIBS is on
[36m--[0m Using these message generators: gencpp;geneus;genlisp;gennodejs;genpy
[33m[1mCMake Warning[0m at /home/rech/wsTcc/build/tccDrones/cmake/tccDrones-genmsg.cmake:3 (message):
  Invoking generate_messages() without having added any message or service
  file before.

  You should either add add_message_files() and/or add_service_files() calls
  or remove the invocation of generate_messages().
[36mCall Stack (most recent call first):[0m
  /opt/ros/noetic/share/genmsg/cmake/genmsg-extras.cmake:307 (include)
  CMakeLists.txt:74 (generate_messages)


[36m--[0m tccDrones: 0 messages, 0 services
[33mWARNING: Package name "tccDrones" does not follow the naming conventions. It should start with a lower case letter and only contain lower case letters, digits, underscores, and dashes.[0m
[33m[1mCMake Warning[0m at /opt/ros/noetic/share/catkin/cmake/catkin_package.cmake:166 (message):
  catkin_package() DEPENDS on 'system_lib' but neither
  'system_lib_INCLUDE_DIRS' nor 'system_lib_LIBRARIES' is defined.
[36mCall Stack (most recent call first):[0m
  /opt/ros/noetic/share/catkin/cmake/catkin_package.cmake:102 (_catkin_package)
  CMakeLists.txt:110 (catkin_package)


[31m[1mCMake Error[0m at /opt/ros/noetic/share/catkin/cmake/catkin_package.cmake:196 (message):
  catkin_package() the catkin package 'geometry_msgs' has been
  find_package()-ed but is not listed as a build dependency in the
  package.xml
[36mCall Stack (most recent call first):[0m
  /opt/ros/noetic/share/catkin/cmake/catkin_package.cmake:102 (_catkin_package)
  CMakeLists.txt:110 (catkin_package)


[36m--[0m Configuring incomplete, errors occurred!
See also "/home/rech/wsTcc/build/tccDrones/CMakeFiles/CMakeOutput.log".
See also "/home/rech/wsTcc/build/tccDrones/CMakeFiles/CMakeError.log".
