[01m[K/home/rech/wsTcc/src/tccDrones/src/manager.cpp:[m[K In function ‘[01m[Kint main(int, char**)[m[K’:
[01m[K/home/rech/wsTcc/src/tccDrones/src/manager.cpp:115:15:[m[K [01;31m[Kerror: [m[Kno match for ‘[01m[Koperator>>[m[K’ (operand types are ‘[01m[Kstd::istream[m[K’ {aka ‘[01m[Kstd::basic_istream<char>[m[K’} and ‘[01m[KEstados[m[K’)
  115 |           [32m[Kcin[m[K [01;31m[K>>[m[K [34m[Kestado[m[K;
      |           [32m[K~~~[m[K [01;31m[K^~[m[K [34m[K~~~~~~[m[K
      |           [32m[K|[m[K      [34m[K|[m[K
      |           [32m[K|[m[K      [34m[KEstados[m[K
      |           [32m[Kstd::istream {aka std::basic_istream<char>}[m[K
In file included from [01m[K/usr/include/c++/9/iostream:40[m[K,
                 from [01m[K/home/rech/wsTcc/src/tccDrones/src/manager.cpp:3[m[K:
[01m[K/usr/include/c++/9/istream:168:7:[m[K [01;36m[Knote: [m[Kcandidate: ‘[01m[Kstd::basic_istream<_CharT, _Traits>::__istream_type& std::basic_istream<_CharT, _Traits>::operator>>(bool&) [with _CharT = char; _Traits = std::char_traits<char>; std::basic_istream<_CharT, _Traits>::__istream_type = std::basic_istream<char>][m[K’ <near match>
  168 |       [01;36m[Koperator[m[K>>(bool& __n)
      |       [01;36m[K^~~~~~~~[m[K
[01m[K/usr/include/c++/9/istream:168:7:[m[K [01;36m[Knote: [m[K  conversion of argument 1 would be ill-formed:
[01m[K/home/rech/wsTcc/src/tccDrones/src/manager.cpp:115:18:[m[K [01;31m[Kerror: [m[Kcannot bind non-const lvalue reference of type ‘[01m[Kbool&[m[K’ to an rvalue of type ‘[01m[Kbool[m[K’
  115 |           cin >> [01;31m[Kestado[m[K;
      |                  [01;31m[K^~~~~~[m[K
In file included from [01m[K/usr/include/c++/9/iostream:40[m[K,
                 from [01m[K/home/rech/wsTcc/src/tccDrones/src/manager.cpp:3[m[K:
[01m[K/usr/include/c++/9/istream:172:7:[m[K [01;36m[Knote: [m[Kcandidate: ‘[01m[Kstd::basic_istream<_CharT, _Traits>& std::basic_istream<_CharT, _Traits>::operator>>(short int&) [with _CharT = char; _Traits = std::char_traits<char>][m[K’ <near match>
  172 |       [01;36m[Koperator[m[K>>(short& __n);
      |       [01;36m[K^~~~~~~~[m[K
[01m[K/usr/include/c++/9/istream:172:7:[m[K [01;36m[Knote: [m[K  conversion of argument 1 would be ill-formed:
[01m[K/home/rech/wsTcc/src/tccDrones/src/manager.cpp:115:18:[m[K [01;31m[Kerror: [m[Kcannot bind non-const lvalue reference of type ‘[01m[Kshort int&[m[K’ to an rvalue of type ‘[01m[Kshort int[m[K’
  115 |           cin >> [01;31m[Kestado[m[K;
      |                  [01;31m[K^~~~~~[m[K
In file included from [01m[K/usr/include/c++/9/iostream:40[m[K,
                 from [01m[K/home/rech/wsTcc/src/tccDrones/src/manager.cpp:3[m[K:
[01m[K/usr/include/c++/9/istream:175:7:[m[K [01;36m[Knote: [m[Kcandidate: ‘[01m[Kstd::basic_istream<_CharT, _Traits>::__istream_type& std::basic_istream<_CharT, _Traits>::operator>>(short unsigned int&) [with _CharT = char; _Traits = std::char_traits<char>; std::basic_istream<_CharT, _Traits>::__istream_type = std::basic_istream<char>][m[K’ <near match>
  175 |       [01;36m[Koperator[m[K>>(unsigned short& __n)
      |       [01;36m[K^~~~~~~~[m[K
[01m[K/usr/include/c++/9/istream:175:7:[m[K [01;36m[Knote: [m[K  conversion of argument 1 would be ill-formed:
[01m[K/home/rech/wsTcc/src/tccDrones/src/manager.cpp:115:18:[m[K [01;31m[Kerror: [m[Kcannot bind non-const lvalue reference of type ‘[01m[Kshort unsigned int&[m[K’ to an rvalue of type ‘[01m[Kshort unsigned int[m[K’
  115 |           cin >> [01;31m[Kestado[m[K;
      |                  [01;31m[K^~~~~~[m[K
In file included from [01m[K/usr/include/c++/9/iostream:40[m[K,
                 from [01m[K/home/rech/wsTcc/src/tccDrones/src/manager.cpp:3[m[K:
[01m[K/usr/include/c++/9/istream:179:7:[m[K [01;36m[Knote: [m[Kcandidate: ‘[01m[Kstd::basic_istream<_CharT, _Traits>& std::basic_istream<_CharT, _Traits>::operator>>(int&) [with _CharT = char; _Traits = std::char_traits<char>][m[K’ <near match>
  179 |       [01;36m[Koperator[m[K>>(int& __n);
      |       [01;36m[K^~~~~~~~[m[K
[01m[K/usr/include/c++/9/istream:179:7:[m[K [01;36m[Knote: [m[K  conversion of argument 1 would be ill-formed:
[01m[K/home/rech/wsTcc/src/tccDrones/src/manager.cpp:115:18:[m[K [01;31m[Kerror: [m[Kcannot bind non-const lvalue reference of type ‘[01m[Kint&[m[K’ to an rvalue of type ‘[01m[Kint[m[K’
  115 |           cin >> [01;31m[Kestado[m[K;
      |                  [01;31m[K^~~~~~[m[K
In file included from [01m[K/usr/include/c++/9/iostream:40[m[K,
                 from [01m[K/home/rech/wsTcc/src/tccDrones/src/manager.cpp:3[m[K:
[01m[K/usr/include/c++/9/istream:182:7:[m[K [01;36m[Knote: [m[Kcandidate: ‘[01m[Kstd::basic_istream<_CharT, _Traits>::__istream_type& std::basic_istream<_CharT, _Traits>::operator>>(unsigned int&) [with _CharT = char; _Traits = std::char_traits<char>; std::basic_istream<_CharT, _Traits>::__istream_type = std::basic_istream<char>][m[K’ <near match>
  182 |       [01;36m[Koperator[m[K>>(unsigned int& __n)
      |       [01;36m[K^~~~~~~~[m[K
[01m[K/usr/include/c++/9/istream:182:7:[m[K [01;36m[Knote: [m[K  conversion of argument 1 would be ill-formed:
[01m[K/home/rech/wsTcc/src/tccDrones/src/manager.cpp:115:18:[m[K [01;31m[Kerror: [m[Kcannot bind non-const lvalue reference of type ‘[01m[Kunsigned int&[m[K’ to an rvalue of type ‘[01m[Kunsigned int[m[K’
  115 |           cin >> [01;31m[Kestado[m[K;
      |                  [01;31m[K^~~~~~[m[K
In file included from [01m[K/usr/include/c++/9/iostream:40[m[K,
                 from [01m[K/home/rech/wsTcc/src/tccDrones/src/manager.cpp:3[m[K:
[01m[K/usr/include/c++/9/istream:186:7:[m[K [01;36m[Knote: [m[Kcandidate: ‘[01m[Kstd::basic_istream<_CharT, _Traits>::__istream_type& std::basic_istream<_CharT, _Traits>::operator>>(long int&) [with _CharT = char; _Traits = std::char_traits<char>; std::basic_istream<_CharT, _Traits>::__istream_type = std::basic_istream<char>][m[K’ <near match>
  186 |       [01;36m[Koperator[m[K>>(long& __n)
      |       [01;36m[K^~~~~~~~[m[K
[01m[K/usr/include/c++/9/istream:186:7:[m[K [01;36m[Knote: [m[K  conversion of argument 1 would be ill-formed:
[01m[K/home/rech/wsTcc/src/tccDrones/src/manager.cpp:115:18:[m[K [01;31m[Kerror: [m[Kcannot bind non-const lvalue reference of type ‘[01m[Klong int&[m[K’ to an rvalue of type ‘[01m[Klong int[m[K’
  115 |           cin >> [01;31m[Kestado[m[K;
      |                  [01;31m[K^~~~~~[m[K
In file included from [01m[K/usr/include/c++/9/iostream:40[m[K,
                 from [01m[K/home/rech/wsTcc/src/tccDrones/src/manager.cpp:3[m[K:
[01m[K/usr/include/c++/9/istream:190:7:[m[K [01;36m[Knote: [m[Kcandidate: ‘[01m[Kstd::basic_istream<_CharT, _Traits>::__istream_type& std::basic_istream<_CharT, _Traits>::operator>>(long unsigned int&) [with _CharT = char; _Traits = std::char_traits<char>; std::basic_istream<_CharT, _Traits>::__istream_type = std::basic_istream<char>][m[K’ <near match>
  190 |       [01;36m[Koperator[m[K>>(unsigned long& __n)
      |       [01;36m[K^~~~~~~~[m[K
[01m[K/usr/include/c++/9/istream:190:7:[m[K [01;36m[Knote: [m[K  conversion of argument 1 would be ill-formed:
[01m[K/home/rech/wsTcc/src/tccDrones/src/manager.cpp:115:18:[m[K [01;31m[Kerror: [m[Kcannot bind non-const lvalue reference of type ‘[01m[Klong unsigned int&[m[K’ to an rvalue of type ‘[01m[Klong unsigned int[m[K’
  115 |           cin >> [01;31m[Kestado[m[K;
      |                  [01;31m[K^~~~~~[m[K
In file included from [01m[K/usr/include/c++/9/iostream:40[m[K,
                 from [01m[K/home/rech/wsTcc/src/tccDrones/src/manager.cpp:3[m[K:
[01m[K/usr/include/c++/9/istream:195:7:[m[K [01;36m[Knote: [m[Kcandidate: ‘[01m[Kstd::basic_istream<_CharT, _Traits>::__istream_type& std::basic_istream<_CharT, _Traits>::operator>>(long long int&) [with _CharT = char; _Traits = std::char_traits<char>; std::basic_istream<_CharT, _Traits>::__istream_type = std::basic_istream<char>][m[K’ <near match>
  195 |       [01;36m[Koperator[m[K>>(long long& __n)
      |       [01;36m[K^~~~~~~~[m[K
[01m[K/usr/include/c++/9/istream:195:7:[m[K [01;36m[Knote: [m[K  conversion of argument 1 would be ill-formed:
[01m[K/home/rech/wsTcc/src/tccDrones/src/manager.cpp:115:18:[m[K [01;31m[Kerror: [m[Kcannot bind non-const lvalue reference of type ‘[01m[Klong long int&[m[K’ to an rvalue of type ‘[01m[Klong long int[m[K’
  115 |           cin >> [01;31m[Kestado[m[K;
      |                  [01;31m[K^~~~~~[m[K
In file included from [01m[K/usr/include/c++/9/iostream:40[m[K,
                 from [01m[K/home/rech/wsTcc/src/tccDrones/src/manager.cpp:3[m[K:
[01m[K/usr/include/c++/9/istream:199:7:[m[K [01;36m[Knote: [m[Kcandidate: ‘[01m[Kstd::basic_istream<_CharT, _Traits>::__istream_type& std::basic_istream<_CharT, _Traits>::operator>>(long long unsigned int&) [with _CharT = char; _Traits = std::char_traits<char>; std::basic_istream<_CharT, _Traits>::__istream_type = std::basic_istream<char>][m[K’ <near match>
  199 |       [01;36m[Koperator[m[K>>(unsigned long long& __n)
      |       [01;36m[K^~~~~~~~[m[K
[01m[K/usr/include/c++/9/istream:199:7:[m[K [01;36m[Knote: [m[K  conversion of argument 1 would be ill-formed:
[01m[K/home/rech/wsTcc/src/tccDrones/src/manager.cpp:115:18:[m[K [01;31m[Kerror: [m[Kcannot bind non-const lvalue reference of type ‘[01m[Klong long unsigned int&[m[K’ to an rvalue of type ‘[01m[Klong long unsigned int[m[K’
  115 |           cin >> [01;31m[Kestado[m[K;
      |                  [01;31m[K^~~~~~[m[K
In file included from [01m[K/usr/include/c++/9/iostream:40[m[K,
                 from [01m[K/home/rech/wsTcc/src/tccDrones/src/manager.cpp:3[m[K:
[01m[K/usr/include/c++/9/istream:214:7:[m[K [01;36m[Knote: [m[Kcandidate: ‘[01m[Kstd::basic_istream<_CharT, _Traits>::__istream_type& std::basic_istream<_CharT, _Traits>::operator>>(float&) [with _CharT = char; _Traits = std::char_traits<char>; std::basic_istream<_CharT, _Traits>::__istream_type = std::basic_istream<char>][m[K’ <near match>
  214 |       [01;36m[Koperator[m[K>>(float& __f)
      |       [01;36m[K^~~~~~~~[m[K
[01m[K/usr/include/c++/9/istream:214:7:[m[K [01;36m[Knote: [m[K  conversion of argument 1 would be ill-formed:
[01m[K/home/rech/wsTcc/src/tccDrones/src/manager.cpp:115:18:[m[K [01;31m[Kerror: [m[Kcannot bind non-const lvalue reference of type ‘[01m[Kfloat&[m[K’ to an rvalue of type ‘[01m[Kfloat[m[K’
  115 |           cin >> [01;31m[Kestado[m[K;
      |                  [01;31m[K^~~~~~[m[K
In file included from [01m[K/usr/include/c++/9/iostream:40[m[K,
                 from [01m[K/home/rech/wsTcc/src/tccDrones/src/manager.cpp:3[m[K:
[01m[K/usr/include/c++/9/istream:218:7:[m[K [01;36m[Knote: [m[Kcandidate: ‘[01m[Kstd::basic_istream<_CharT, _Traits>::__istream_type& std::basic_istream<_CharT, _Traits>::operator>>(double&) [with _CharT = char; _Traits = std::char_traits<char>; std::basic_istream<_CharT, _Traits>::__istream_type = std::basic_istream<char>][m[K’ <near match>
  218 |       [01;36m[Koperator[m[K>>(double& __f)
      |       [01;36m[K^~~~~~~~[m[K
[01m[K/usr/include/c++/9/istream:218:7:[m[K [01;36m[Knote: [m[K  conversion of argument 1 would be ill-formed:
[01m[K/home/rech/wsTcc/src/tccDrones/src/manager.cpp:115:18:[m[K [01;31m[Kerror: [m[Kcannot bind non-const lvalue reference of type ‘[01m[Kdouble&[m[K’ to an rvalue of type ‘[01m[Kdouble[m[K’
  115 |           cin >> [01;31m[Kestado[m[K;
      |                  [01;31m[K^~~~~~[m[K
In file included from [01m[K/usr/include/c++/9/iostream:40[m[K,
                 from [01m[K/home/rech/wsTcc/src/tccDrones/src/manager.cpp:3[m[K:
[01m[K/usr/include/c++/9/istream:222:7:[m[K [01;36m[Knote: [m[Kcandidate: ‘[01m[Kstd::basic_istream<_CharT, _Traits>::__istream_type& std::basic_istream<_CharT, _Traits>::operator>>(long double&) [with _CharT = char; _Traits = std::char_traits<char>; std::basic_istream<_CharT, _Traits>::__istream_type = std::basic_istream<char>][m[K’ <near match>
  222 |       [01;36m[Koperator[m[K>>(long double& __f)
      |       [01;36m[K^~~~~~~~[m[K
[01m[K/usr/include/c++/9/istream:222:7:[m[K [01;36m[Knote: [m[K  conversion of argument 1 would be ill-formed:
[01m[K/home/rech/wsTcc/src/tccDrones/src/manager.cpp:115:18:[m[K [01;31m[Kerror: [m[Kcannot bind non-const lvalue reference of type ‘[01m[Klong double&[m[K’ to an rvalue of type ‘[01m[Klong double[m[K’
  115 |           cin >> [01;31m[Kestado[m[K;
      |                  [01;31m[K^~~~~~[m[K
[01m[K/home/rech/wsTcc/src/tccDrones/src/manager.cpp:115:15:[m[K [01;36m[Knote: [m[Kcandidate: ‘[01m[Koperator>>(int, int)[m[K’ <built-in>
  115 |           [01;36m[Kcin >> estado[m[K;
      |           [01;36m[K~~~~^~~~~~~~~[m[K
[01m[K/home/rech/wsTcc/src/tccDrones/src/manager.cpp:115:15:[m[K [01;36m[Knote: [m[K  no known conversion for argument 1 from ‘[01m[Kstd::istream[m[K’ {aka ‘[01m[Kstd::basic_istream<char>[m[K’} to ‘[01m[Kint[m[K’
In file included from [01m[K/usr/include/c++/9/iostream:40[m[K,
                 from [01m[K/home/rech/wsTcc/src/tccDrones/src/manager.cpp:3[m[K:
[01m[K/usr/include/c++/9/istream:120:7:[m[K [01;36m[Knote: [m[Kcandidate: ‘[01m[Kstd::basic_istream<_CharT, _Traits>::__istream_type& std::basic_istream<_CharT, _Traits>::operator>>(std::basic_istream<_CharT, _Traits>::__istream_type& (*)(std::basic_istream<_CharT, _Traits>::__istream_type&)) [with _CharT = char; _Traits = std::char_traits<char>; std::basic_istream<_CharT, _Traits>::__istream_type = std::basic_istream<char>][m[K’
  120 |       [01;36m[Koperator[m[K>>(__istream_type& (*__pf)(__istream_type&))
      |       [01;36m[K^~~~~~~~[m[K
[01m[K/usr/include/c++/9/istream:120:36:[m[K [01;36m[Knote: [m[K  no known conversion for argument 1 from ‘[01m[KEstados[m[K’ to ‘[01m[Kstd::basic_istream<char>::__istream_type& (*)(std::basic_istream<char>::__istream_type&)[m[K’ {aka ‘[01m[Kstd::basic_istream<char>& (*)(std::basic_istream<char>&)[m[K’}
  120 |       operator>>([01;36m[K__istream_type& (*__pf)(__istream_type&)[m[K)
      |                  [01;36m[K~~~~~~~~~~~~~~~~~~^~~~~~~~~~~~~~~~~~~~~~[m[K
[01m[K/usr/include/c++/9/istream:124:7:[m[K [01;36m[Knote: [m[Kcandidate: ‘[01m[Kstd::basic_istream<_CharT, _Traits>::__istream_type& std::basic_istream<_CharT, _Traits>::operator>>(std::basic_istream<_CharT, _Traits>::__ios_type& (*)(std::basic_istream<_CharT, _Traits>::__ios_type&)) [with _CharT = char; _Traits = std::char_traits<char>; std::basic_istream<_CharT, _Traits>::__istream_type = std::basic_istream<char>; std::basic_istream<_CharT, _Traits>::__ios_type = std::basic_ios<char>][m[K’
  124 |       [01;36m[Koperator[m[K>>(__ios_type& (*__pf)(__ios_type&))
      |       [01;36m[K^~~~~~~~[m[K
[01m[K/usr/include/c++/9/istream:124:32:[m[K [01;36m[Knote: [m[K  no known conversion for argument 1 from ‘[01m[KEstados[m[K’ to ‘[01m[Kstd::basic_istream<char>::__ios_type& (*)(std::basic_istream<char>::__ios_type&)[m[K’ {aka ‘[01m[Kstd::basic_ios<char>& (*)(std::basic_ios<char>&)[m[K’}
  124 |       operator>>([01;36m[K__ios_type& (*__pf)(__ios_type&)[m[K)
      |                  [01;36m[K~~~~~~~~~~~~~~^~~~~~~~~~~~~~~~~~[m[K
[01m[K/usr/include/c++/9/istream:131:7:[m[K [01;36m[Knote: [m[Kcandidate: ‘[01m[Kstd::basic_istream<_CharT, _Traits>::__istream_type& std::basic_istream<_CharT, _Traits>::operator>>(std::ios_base& (*)(std::ios_base&)) [with _CharT = char; _Traits = std::char_traits<char>; std::basic_istream<_CharT, _Traits>::__istream_type = std::basic_istream<char>][m[K’
  131 |       [01;36m[Koperator[m[K>>(ios_base& (*__pf)(ios_base&))
      |       [01;36m[K^~~~~~~~[m[K
[01m[K/usr/include/c++/9/istream:131:30:[m[K [01;36m[Knote: [m[K  no known conversion for argument 1 from ‘[01m[KEstados[m[K’ to ‘[01m[Kstd::ios_base& (*)(std::ios_base&)[m[K’
  131 |       operator>>([01;36m[Kios_base& (*__pf)(ios_base&)[m[K)
      |                  [01;36m[K~~~~~~~~~~~~^~~~~~~~~~~~~~~~[m[K
[01m[K/usr/include/c++/9/istream:235:7:[m[K [01;36m[Knote: [m[Kcandidate: ‘[01m[Kstd::basic_istream<_CharT, _Traits>::__istream_type& std::basic_istream<_CharT, _Traits>::operator>>(void*&) [with _CharT = char; _Traits = std::char_traits<char>; std::basic_istream<_CharT, _Traits>::__istream_type = std::basic_istream<char>][m[K’
  235 |       [01;36m[Koperator[m[K>>(void*& __p)
      |       [01;36m[K^~~~~~~~[m[K
[01m[K/usr/include/c++/9/istream:235:25:[m[K [01;36m[Knote: [m[K  no known conversion for argument 1 from ‘[01m[KEstados[m[K’ to ‘[01m[Kvoid*&[m[K’
  235 |       operator>>([01;36m[Kvoid*& __p[m[K)
      |                  [01;36m[K~~~~~~~^~~[m[K
[01m[K/usr/include/c++/9/istream:259:7:[m[K [01;36m[Knote: [m[Kcandidate: ‘[01m[Kstd::basic_istream<_CharT, _Traits>& std::basic_istream<_CharT, _Traits>::operator>>(std::basic_istream<_CharT, _Traits>::__streambuf_type*) [with _CharT = char; _Traits = std::char_traits<char>; std::basic_istream<_CharT, _Traits>::__streambuf_type = std::basic_streambuf<char>][m[K’
  259 |       [01;36m[Koperator[m[K>>(__streambuf_type* __sb);
      |       [01;36m[K^~~~~~~~[m[K
[01m[K/usr/include/c++/9/istream:259:36:[m[K [01;36m[Knote: [m[K  no known conversion for argument 1 from ‘[01m[KEstados[m[K’ to ‘[01m[Kstd::basic_istream<char>::__streambuf_type*[m[K’ {aka ‘[01m[Kstd::basic_streambuf<char>*[m[K’}
  259 |       operator>>([01;36m[K__streambuf_type* __sb[m[K);
      |                  [01;36m[K~~~~~~~~~~~~~~~~~~^~~~[m[K
In file included from [01m[K/usr/include/c++/9/string:56[m[K,
                 from [01m[K/usr/include/c++/9/bits/locale_classes.h:40[m[K,
                 from [01m[K/usr/include/c++/9/bits/ios_base.h:41[m[K,
                 from [01m[K/usr/include/c++/9/ios:42[m[K,
                 from [01m[K/usr/include/c++/9/ostream:38[m[K,
                 from [01m[K/usr/include/c++/9/iostream:39[m[K,
                 from [01m[K/home/rech/wsTcc/src/tccDrones/src/manager.cpp:3[m[K:
[01m[K/usr/include/c++/9/bits/basic_string.tcc:1466:5:[m[K [01;36m[Knote: [m[Kcandidate: ‘[01m[Ktemplate<class _CharT, class _Traits, class _Alloc> std::basic_istream<_CharT, _Traits>& std::operator>>(std::basic_istream<_CharT, _Traits>&, std::__cxx11::basic_string<_CharT, _Traits, _Alloc>&)[m[K’
 1466 |     [01;36m[Koperator[m[K>>(basic_istream<_CharT, _Traits>& __in,
      |     [01;36m[K^~~~~~~~[m[K
[01m[K/usr/include/c++/9/bits/basic_string.tcc:1466:5:[m[K [01;36m[Knote: [m[K  template argument deduction/substitution failed:
[01m[K/home/rech/wsTcc/src/tccDrones/src/manager.cpp:115:18:[m[K [01;36m[Knote: [m[K  mismatched types ‘[01m[Kstd::__cxx11::basic_string<_CharT, _Traits, _Alloc>[m[K’ and ‘[01m[KEstados[m[K’
  115 |           cin >> [01;36m[Kestado[m[K;
      |                  [01;36m[K^~~~~~[m[K
In file included from [01m[K/usr/include/c++/9/istream:991[m[K,
                 from [01m[K/usr/include/c++/9/iostream:40[m[K,
                 from [01m[K/home/rech/wsTcc/src/tccDrones/src/manager.cpp:3[m[K:
[01m[K/usr/include/c++/9/bits/istream.tcc:931:5:[m[K [01;36m[Knote: [m[Kcandidate: ‘[01m[Ktemplate<class _CharT, class _Traits> std::basic_istream<_CharT, _Traits>& std::operator>>(std::basic_istream<_CharT, _Traits>&, _CharT&)[m[K’
  931 |     [01;36m[Koperator[m[K>>(basic_istream<_CharT, _Traits>& __in, _CharT& __c)
      |     [01;36m[K^~~~~~~~[m[K
[01m[K/usr/include/c++/9/bits/istream.tcc:931:5:[m[K [01;36m[Knote: [m[K  template argument deduction/substitution failed:
[01m[K/home/rech/wsTcc/src/tccDrones/src/manager.cpp:115:18:[m[K [01;36m[Knote: [m[K  deduced conflicting types for parameter ‘[01m[K_CharT[m[K’ (‘[01m[Kchar[m[K’ and ‘[01m[KEstados[m[K’)
  115 |           cin >> [01;36m[Kestado[m[K;
      |                  [01;36m[K^~~~~~[m[K
In file included from [01m[K/usr/include/c++/9/iostream:40[m[K,
                 from [01m[K/home/rech/wsTcc/src/tccDrones/src/manager.cpp:3[m[K:
[01m[K/usr/include/c++/9/istream:756:5:[m[K [01;36m[Knote: [m[Kcandidate: ‘[01m[Ktemplate<class _Traits> std::basic_istream<char, _Traits>& std::operator>>(std::basic_istream<char, _Traits>&, unsigned char&)[m[K’
  756 |     [01;36m[Koperator[m[K>>(basic_istream<char, _Traits>& __in, unsigned char& __c)
      |     [01;36m[K^~~~~~~~[m[K
[01m[K/usr/include/c++/9/istream:756:5:[m[K [01;36m[Knote: [m[K  template argument deduction/substitution failed:
[01m[K/home/rech/wsTcc/src/tccDrones/src/manager.cpp:115:18:[m[K [01;36m[Knote: [m[K  cannot convert ‘[01m[Kestado[m[K’ (type ‘[01m[KEstados[m[K’) to type ‘[01m[Kunsigned char&[m[K’
  115 |           cin >> [01;36m[Kestado[m[K;
      |                  [01;36m[K^~~~~~[m[K
In file included from [01m[K/usr/include/c++/9/iostream:40[m[K,
                 from [01m[K/home/rech/wsTcc/src/tccDrones/src/manager.cpp:3[m[K:
[01m[K/usr/include/c++/9/istream:761:5:[m[K [01;36m[Knote: [m[Kcandidate: ‘[01m[Ktemplate<class _Traits> std::basic_istream<char, _Traits>& std::operator>>(std::basic_istream<char, _Traits>&, signed char&)[m[K’
  761 |     [01;36m[Koperator[m[K>>(basic_istream<char, _Traits>& __in, signed char& __c)
      |     [01;36m[K^~~~~~~~[m[K
[01m[K/usr/include/c++/9/istream:761:5:[m[K [01;36m[Knote: [m[K  template argument deduction/substitution failed:
[01m[K/home/rech/wsTcc/src/tccDrones/src/manager.cpp:115:18:[m[K [01;36m[Knote: [m[K  cannot convert ‘[01m[Kestado[m[K’ (type ‘[01m[KEstados[m[K’) to type ‘[01m[Ksigned char&[m[K’
  115 |           cin >> [01;36m[Kestado[m[K;
      |                  [01;36m[K^~~~~~[m[K
In file included from [01m[K/usr/include/c++/9/istream:991[m[K,
                 from [01m[K/usr/include/c++/9/iostream:40[m[K,
                 from [01m[K/home/rech/wsTcc/src/tccDrones/src/manager.cpp:3[m[K:
[01m[K/usr/include/c++/9/bits/istream.tcc:963:5:[m[K [01;36m[Knote: [m[Kcandidate: ‘[01m[Ktemplate<class _CharT2, class _Traits2> std::basic_istream<_CharT, _Traits>& std::operator>>(std::basic_istream<_CharT, _Traits>&, _CharT2*)[m[K’
  963 |     [01;36m[Koperator[m[K>>(basic_istream<_CharT, _Traits>& __in, _CharT* __s)
      |     [01;36m[K^~~~~~~~[m[K
[01m[K/usr/include/c++/9/bits/istream.tcc:963:5:[m[K [01;36m[Knote: [m[K  template argument deduction/substitution failed:
[01m[K/home/rech/wsTcc/src/tccDrones/src/manager.cpp:115:18:[m[K [01;36m[Knote: [m[K  mismatched types ‘[01m[K_CharT2*[m[K’ and ‘[01m[KEstados[m[K’
  115 |           cin >> [01;36m[Kestado[m[K;
      |                  [01;36m[K^~~~~~[m[K
In file included from [01m[K/usr/include/c++/9/iostream:40[m[K,
                 from [01m[K/home/rech/wsTcc/src/tccDrones/src/manager.cpp:3[m[K:
[01m[K/usr/include/c++/9/istream:803:5:[m[K [01;36m[Knote: [m[Kcandidate: ‘[01m[Ktemplate<class _Traits> std::basic_istream<char, _Traits>& std::operator>>(std::basic_istream<char, _Traits>&, unsigned char*)[m[K’
  803 |     [01;36m[Koperator[m[K>>(basic_istream<char, _Traits>& __in, unsigned char* __s)
      |     [01;36m[K^~~~~~~~[m[K
[01m[K/usr/include/c++/9/istream:803:5:[m[K [01;36m[Knote: [m[K  template argument deduction/substitution failed:
[01m[K/home/rech/wsTcc/src/tccDrones/src/manager.cpp:115:18:[m[K [01;36m[Knote: [m[K  cannot convert ‘[01m[Kestado[m[K’ (type ‘[01m[KEstados[m[K’) to type ‘[01m[Kunsigned char*[m[K’
  115 |           cin >> [01;36m[Kestado[m[K;
      |                  [01;36m[K^~~~~~[m[K
In file included from [01m[K/usr/include/c++/9/iostream:40[m[K,
                 from [01m[K/home/rech/wsTcc/src/tccDrones/src/manager.cpp:3[m[K:
[01m[K/usr/include/c++/9/istream:808:5:[m[K [01;36m[Knote: [m[Kcandidate: ‘[01m[Ktemplate<class _Traits> std::basic_istream<char, _Traits>& std::operator>>(std::basic_istream<char, _Traits>&, signed char*)[m[K’
  808 |     [01;36m[Koperator[m[K>>(basic_istream<char, _Traits>& __in, signed char* __s)
      |     [01;36m[K^~~~~~~~[m[K
[01m[K/usr/include/c++/9/istream:808:5:[m[K [01;36m[Knote: [m[K  template argument deduction/substitution failed:
[01m[K/home/rech/wsTcc/src/tccDrones/src/manager.cpp:115:18:[m[K [01;36m[Knote: [m[K  cannot convert ‘[01m[Kestado[m[K’ (type ‘[01m[KEstados[m[K’) to type ‘[01m[Ksigned char*[m[K’
  115 |           cin >> [01;36m[Kestado[m[K;
      |                  [01;36m[K^~~~~~[m[K
In file included from [01m[K/usr/include/c++/9/iostream:40[m[K,
                 from [01m[K/home/rech/wsTcc/src/tccDrones/src/manager.cpp:3[m[K:
[01m[K/usr/include/c++/9/istream:980:5:[m[K [01;36m[Knote: [m[Kcandidate: ‘[01m[Ktemplate<class _Istream, class _Tp> typename std::enable_if<std::__and_<std::__not_<std::is_lvalue_reference<_Tp> >, std::__is_convertible_to_basic_istream<_Istream>, std::__is_extractable<typename std::__is_convertible_to_basic_istream<_Tp>::__istream_type, _Tp&&, void> >::value, typename std::__is_convertible_to_basic_istream<_Tp>::__istream_type>::type std::operator>>(_Istream&&, _Tp&&)[m[K’
  980 |     [01;36m[Koperator[m[K>>(_Istream&& __is, _Tp&& __x)
      |     [01;36m[K^~~~~~~~[m[K
[01m[K/usr/include/c++/9/istream:980:5:[m[K [01;36m[Knote: [m[K  template argument deduction/substitution failed:
/usr/include/c++/9/istream: In substitution of ‘[01m[Ktemplate<class _Istream, class _Tp> typename std::enable_if<std::__and_<std::__not_<std::is_lvalue_reference<_Tp> >, std::__is_convertible_to_basic_istream<_Istream>, std::__is_extractable<typename std::__is_convertible_to_basic_istream<_Tp>::__istream_type, _Tp&&, void> >::value, typename std::__is_convertible_to_basic_istream<_Tp>::__istream_type>::type std::operator>>(_Istream&&, _Tp&&) [with _Istream = std::basic_istream<char>&; _Tp = Estados&][m[K’:
[01m[K/home/rech/wsTcc/src/tccDrones/src/manager.cpp:115:18:[m[K   required from here
[01m[K/usr/include/c++/9/istream:980:5:[m[K [01;31m[Kerror: [m[Kno type named ‘[01m[Ktype[m[K’ in ‘[01m[Kstruct std::enable_if<false, std::basic_istream<char>&>[m[K’
In file included from [01m[K/usr/include/boost/math/policies/error_handling.hpp:12[m[K,
                 from [01m[K/usr/include/boost/math/special_functions/round.hpp:14[m[K,
                 from [01m[K/opt/ros/noetic/include/ros/time.h:58[m[K,
                 from [01m[K/opt/ros/noetic/include/ros/serialization.h:34[m[K,
                 from [01m[K/opt/ros/noetic/include/std_msgs/Float32.h:14[m[K,
                 from [01m[K/home/rech/wsTcc/src/tccDrones/src/manager.cpp:4[m[K:
[01m[K/usr/include/c++/9/iomanip:71:5:[m[K [01;36m[Knote: [m[Kcandidate: ‘[01m[Ktemplate<class _CharT, class _Traits> std::basic_istream<_CharT, _Traits>& std::operator>>(std::basic_istream<_CharT, _Traits>&, std::_Resetiosflags)[m[K’
   71 |     [01;36m[Koperator[m[K>>(basic_istream<_CharT, _Traits>& __is, _Resetiosflags __f)
      |     [01;36m[K^~~~~~~~[m[K
[01m[K/usr/include/c++/9/iomanip:71:5:[m[K [01;36m[Knote: [m[K  template argument deduction/substitution failed:
[01m[K/home/rech/wsTcc/src/tccDrones/src/manager.cpp:115:18:[m[K [01;36m[Knote: [m[K  cannot convert ‘[01m[Kestado[m[K’ (type ‘[01m[KEstados[m[K’) to type ‘[01m[Kstd::_Resetiosflags[m[K’
  115 |           cin >> [01;36m[Kestado[m[K;
      |                  [01;36m[K^~~~~~[m[K
In file included from [01m[K/usr/include/boost/math/policies/error_handling.hpp:12[m[K,
                 from [01m[K/usr/include/boost/math/special_functions/round.hpp:14[m[K,
                 from [01m[K/opt/ros/noetic/include/ros/time.h:58[m[K,
                 from [01m[K/opt/ros/noetic/include/ros/serialization.h:34[m[K,
                 from [01m[K/opt/ros/noetic/include/std_msgs/Float32.h:14[m[K,
                 from [01m[K/home/rech/wsTcc/src/tccDrones/src/manager.cpp:4[m[K:
[01m[K/usr/include/c++/9/iomanip:101:5:[m[K [01;36m[Knote: [m[Kcandidate: ‘[01m[Ktemplate<class _CharT, class _Traits> std::basic_istream<_CharT, _Traits>& std::operator>>(std::basic_istream<_CharT, _Traits>&, std::_Setiosflags)[m[K’
  101 |     [01;36m[Koperator[m[K>>(basic_istream<_CharT, _Traits>& __is, _Setiosflags __f)
      |     [01;36m[K^~~~~~~~[m[K
[01m[K/usr/include/c++/9/iomanip:101:5:[m[K [01;36m[Knote: [m[K  template argument deduction/substitution failed:
[01m[K/home/rech/wsTcc/src/tccDrones/src/manager.cpp:115:18:[m[K [01;36m[Knote: [m[K  cannot convert ‘[01m[Kestado[m[K’ (type ‘[01m[KEstados[m[K’) to type ‘[01m[Kstd::_Setiosflags[m[K’
  115 |           cin >> [01;36m[Kestado[m[K;
      |                  [01;36m[K^~~~~~[m[K
In file included from [01m[K/usr/include/boost/math/policies/error_handling.hpp:12[m[K,
                 from [01m[K/usr/include/boost/math/special_functions/round.hpp:14[m[K,
                 from [01m[K/opt/ros/noetic/include/ros/time.h:58[m[K,
                 from [01m[K/opt/ros/noetic/include/ros/serialization.h:34[m[K,
                 from [01m[K/opt/ros/noetic/include/std_msgs/Float32.h:14[m[K,
                 from [01m[K/home/rech/wsTcc/src/tccDrones/src/manager.cpp:4[m[K:
[01m[K/usr/include/c++/9/iomanip:132:5:[m[K [01;36m[Knote: [m[Kcandidate: ‘[01m[Ktemplate<class _CharT, class _Traits> std::basic_istream<_CharT, _Traits>& std::operator>>(std::basic_istream<_CharT, _Traits>&, std::_Setbase)[m[K’
  132 |     [01;36m[Koperator[m[K>>(basic_istream<_CharT, _Traits>& __is, _Setbase __f)
      |     [01;36m[K^~~~~~~~[m[K
[01m[K/usr/include/c++/9/iomanip:132:5:[m[K [01;36m[Knote: [m[K  template argument deduction/substitution failed:
[01m[K/home/rech/wsTcc/src/tccDrones/src/manager.cpp:115:18:[m[K [01;36m[Knote: [m[K  cannot convert ‘[01m[Kestado[m[K’ (type ‘[01m[KEstados[m[K’) to type ‘[01m[Kstd::_Setbase[m[K’
  115 |           cin >> [01;36m[Kestado[m[K;
      |                  [01;36m[K^~~~~~[m[K
In file included from [01m[K/usr/include/boost/math/policies/error_handling.hpp:12[m[K,
                 from [01m[K/usr/include/boost/math/special_functions/round.hpp:14[m[K,
                 from [01m[K/opt/ros/noetic/include/ros/time.h:58[m[K,
                 from [01m[K/opt/ros/noetic/include/ros/serialization.h:34[m[K,
                 from [01m[K/opt/ros/noetic/include/std_msgs/Float32.h:14[m[K,
                 from [01m[K/home/rech/wsTcc/src/tccDrones/src/manager.cpp:4[m[K:
[01m[K/usr/include/c++/9/iomanip:170:5:[m[K [01;36m[Knote: [m[Kcandidate: ‘[01m[Ktemplate<class _CharT, class _Traits> std::basic_istream<_CharT, _Traits>& std::operator>>(std::basic_istream<_CharT, _Traits>&, std::_Setfill<_CharT>)[m[K’
  170 |     [01;36m[Koperator[m[K>>(basic_istream<_CharT, _Traits>& __is, _Setfill<_CharT> __f)
      |     [01;36m[K^~~~~~~~[m[K
[01m[K/usr/include/c++/9/iomanip:170:5:[m[K [01;36m[Knote: [m[K  template argument deduction/substitution failed:
[01m[K/home/rech/wsTcc/src/tccDrones/src/manager.cpp:115:18:[m[K [01;36m[Knote: [m[K  mismatched types ‘[01m[Kstd::_Setfill<_CharT>[m[K’ and ‘[01m[KEstados[m[K’
  115 |           cin >> [01;36m[Kestado[m[K;
      |                  [01;36m[K^~~~~~[m[K
In file included from [01m[K/usr/include/boost/math/policies/error_handling.hpp:12[m[K,
                 from [01m[K/usr/include/boost/math/special_functions/round.hpp:14[m[K,
                 from [01m[K/opt/ros/noetic/include/ros/time.h:58[m[K,
                 from [01m[K/opt/ros/noetic/include/ros/serialization.h:34[m[K,
                 from [01m[K/opt/ros/noetic/include/std_msgs/Float32.h:14[m[K,
                 from [01m[K/home/rech/wsTcc/src/tccDrones/src/manager.cpp:4[m[K:
[01m[K/usr/include/c++/9/iomanip:200:5:[m[K [01;36m[Knote: [m[Kcandidate: ‘[01m[Ktemplate<class _CharT, class _Traits> std::basic_istream<_CharT, _Traits>& std::operator>>(std::basic_istream<_CharT, _Traits>&, std::_Setprecision)[m[K’
  200 |     [01;36m[Koperator[m[K>>(basic_istream<_CharT, _Traits>& __is, _Setprecision __f)
      |     [01;36m[K^~~~~~~~[m[K
[01m[K/usr/include/c++/9/iomanip:200:5:[m[K [01;36m[Knote: [m[K  template argument deduction/substitution failed:
[01m[K/home/rech/wsTcc/src/tccDrones/src/manager.cpp:115:18:[m[K [01;36m[Knote: [m[K  cannot convert ‘[01m[Kestado[m[K’ (type ‘[01m[KEstados[m[K’) to type ‘[01m[Kstd::_Setprecision[m[K’
  115 |           cin >> [01;36m[Kestado[m[K;
      |                  [01;36m[K^~~~~~[m[K
In file included from [01m[K/usr/include/boost/math/policies/error_handling.hpp:12[m[K,
                 from [01m[K/usr/include/boost/math/special_functions/round.hpp:14[m[K,
                 from [01m[K/opt/ros/noetic/include/ros/time.h:58[m[K,
                 from [01m[K/opt/ros/noetic/include/ros/serialization.h:34[m[K,
                 from [01m[K/opt/ros/noetic/include/std_msgs/Float32.h:14[m[K,
                 from [01m[K/home/rech/wsTcc/src/tccDrones/src/manager.cpp:4[m[K:
[01m[K/usr/include/c++/9/iomanip:230:5:[m[K [01;36m[Knote: [m[Kcandidate: ‘[01m[Ktemplate<class _CharT, class _Traits> std::basic_istream<_CharT, _Traits>& std::operator>>(std::basic_istream<_CharT, _Traits>&, std::_Setw)[m[K’
  230 |     [01;36m[Koperator[m[K>>(basic_istream<_CharT, _Traits>& __is, _Setw __f)
      |     [01;36m[K^~~~~~~~[m[K
[01m[K/usr/include/c++/9/iomanip:230:5:[m[K [01;36m[Knote: [m[K  template argument deduction/substitution failed:
[01m[K/home/rech/wsTcc/src/tccDrones/src/manager.cpp:115:18:[m[K [01;36m[Knote: [m[K  cannot convert ‘[01m[Kestado[m[K’ (type ‘[01m[KEstados[m[K’) to type ‘[01m[Kstd::_Setw[m[K’
  115 |           cin >> [01;36m[Kestado[m[K;
      |                  [01;36m[K^~~~~~[m[K
In file included from [01m[K/usr/include/boost/math/policies/error_handling.hpp:12[m[K,
                 from [01m[K/usr/include/boost/math/special_functions/round.hpp:14[m[K,
                 from [01m[K/opt/ros/noetic/include/ros/time.h:58[m[K,
                 from [01m[K/opt/ros/noetic/include/ros/serialization.h:34[m[K,
                 from [01m[K/opt/ros/noetic/include/std_msgs/Float32.h:14[m[K,
                 from [01m[K/home/rech/wsTcc/src/tccDrones/src/manager.cpp:4[m[K:
[01m[K/usr/include/c++/9/iomanip:264:5:[m[K [01;36m[Knote: [m[Kcandidate: ‘[01m[Ktemplate<class _CharT, class _Traits, class _MoneyT> std::basic_istream<_CharT, _Traits>& std::operator>>(std::basic_istream<_CharT, _Traits>&, std::_Get_money<_MoneyT>)[m[K’
  264 |     [01;36m[Koperator[m[K>>(basic_istream<_CharT, _Traits>& __is, _Get_money<_MoneyT> __f)
      |     [01;36m[K^~~~~~~~[m[K
[01m[K/usr/include/c++/9/iomanip:264:5:[m[K [01;36m[Knote: [m[K  template argument deduction/substitution failed:
[01m[K/home/rech/wsTcc/src/tccDrones/src/manager.cpp:115:18:[m[K [01;36m[Knote: [m[K  mismatched types ‘[01m[Kstd::_Get_money<_MoneyT>[m[K’ and ‘[01m[KEstados[m[K’
  115 |           cin >> [01;36m[Kestado[m[K;
      |                  [01;36m[K^~~~~~[m[K
In file included from [01m[K/usr/include/boost/math/policies/error_handling.hpp:12[m[K,
                 from [01m[K/usr/include/boost/math/special_functions/round.hpp:14[m[K,
                 from [01m[K/opt/ros/noetic/include/ros/time.h:58[m[K,
                 from [01m[K/opt/ros/noetic/include/ros/serialization.h:34[m[K,
                 from [01m[K/opt/ros/noetic/include/std_msgs/Float32.h:14[m[K,
                 from [01m[K/home/rech/wsTcc/src/tccDrones/src/manager.cpp:4[m[K:
[01m[K/usr/include/c++/9/iomanip:418:5:[m[K [01;36m[Knote: [m[Kcandidate: ‘[01m[Ktemplate<class _CharT, class _Traits> std::basic_istream<_CharT, _Traits>& std::operator>>(std::basic_istream<_CharT, _Traits>&, std::_Get_time<_CharT>)[m[K’
  418 |     [01;36m[Koperator[m[K>>(basic_istream<_CharT, _Traits>& __is, _Get_time<_CharT> __f)
      |     [01;36m[K^~~~~~~~[m[K
[01m[K/usr/include/c++/9/iomanip:418:5:[m[K [01;36m[Knote: [m[K  template argument deduction/substitution failed:
[01m[K/home/rech/wsTcc/src/tccDrones/src/manager.cpp:115:18:[m[K [01;36m[Knote: [m[K  mismatched types ‘[01m[Kstd::_Get_time<_CharT>[m[K’ and ‘[01m[KEstados[m[K’
  115 |           cin >> [01;36m[Kestado[m[K;
      |                  [01;36m[K^~~~~~[m[K
In file included from [01m[K/usr/include/boost/config/no_tr1/complex.hpp:21[m[K,
                 from [01m[K/usr/include/boost/math/policies/error_handling.hpp:17[m[K,
                 from [01m[K/usr/include/boost/math/special_functions/round.hpp:14[m[K,
                 from [01m[K/opt/ros/noetic/include/ros/time.h:58[m[K,
                 from [01m[K/opt/ros/noetic/include/ros/serialization.h:34[m[K,
                 from [01m[K/opt/ros/noetic/include/std_msgs/Float32.h:14[m[K,
                 from [01m[K/home/rech/wsTcc/src/tccDrones/src/manager.cpp:4[m[K:
[01m[K/usr/include/c++/9/complex:498:5:[m[K [01;36m[Knote: [m[Kcandidate: ‘[01m[Ktemplate<class _Tp, class _CharT, class _Traits> std::basic_istream<_CharT, _Traits>& std::operator>>(std::basic_istream<_CharT, _Traits>&, std::complex<_Tp>&)[m[K’
  498 |     [01;36m[Koperator[m[K>>(basic_istream<_CharT, _Traits>& __is, complex<_Tp>& __x)
      |     [01;36m[K^~~~~~~~[m[K
[01m[K/usr/include/c++/9/complex:498:5:[m[K [01;36m[Knote: [m[K  template argument deduction/substitution failed:
[01m[K/home/rech/wsTcc/src/tccDrones/src/manager.cpp:115:18:[m[K [01;36m[Knote: [m[K  mismatched types ‘[01m[Kstd::complex<_Tp>[m[K’ and ‘[01m[KEstados[m[K’
  115 |           cin >> [01;36m[Kestado[m[K;
      |                  [01;36m[K^~~~~~[m[K
make[2]: *** [CMakeFiles/manager_node.dir/build.make:63: CMakeFiles/manager_node.dir/src/manager.cpp.o] Error 1
make[1]: *** [CMakeFiles/Makefile2:2364: CMakeFiles/manager_node.dir/all] Error 2
make: *** [Makefile:141: all] Error 2
