[35m[1mScanning dependencies of target generate_ros_code[0m
[  4%] [34m[1mGenerating generated/adv.cpp[0m
WARNING: bad msg: ar_track_alvar/AlvarMarkers
WARNING: bad msg: driver_base/ConfigString
WARNING: bad msg: driver_base/ConfigValue
WARNING: bad msg: driver_base/SensorLevels
[  8%] [34m[1mGenerating generated/pub.cpp[0m
WARNING: bad msg: ar_track_alvar/AlvarMarkers
WARNING: bad msg: driver_base/ConfigString
WARNING: bad msg: driver_base/ConfigValue
WARNING: bad msg: driver_base/SensorLevels
[ 13%] [34m[1mGenerating generated/ros_msg_io.cpp[0m
[ 17%] [34m[1mGenerating generated/ros_msg_io.h[0m
[ 21%] [34m[1mGenerating generated/ros_srv_io.cpp[0m
WARNING: bad msg: ar_track_alvar/AlvarMarkers
[ 26%] [34m[1mGenerating generated/ros_srv_io.h[0m
WARNING: bad msg: driver_base/ConfigString
WARNING: bad msg: driver_base/ConfigValue
[ 30%] [34m[1mGenerating generated/srvcall.cpp[0m
WARNING: bad msg: driver_base/SensorLevels
WARNING: bad msg: ar_track_alvar/AlvarMarkers
WARNING: bad msg: driver_base/ConfigString
WARNING: bad msg: driver_base/ConfigValue
WARNING: bad msg: driver_base/SensorLevels
[ 34%] [34m[1mGenerating generated/srvcli.cpp[0m
[ 39%] [34m[1mGenerating generated/srvsrv.cpp[0m
[ 43%] [34m[1mGenerating generated/sub.cpp[0m
WARNING: bad msg: ar_track_alvar/AlvarMarkers
WARNING: bad msg: driver_base/ConfigString
WARNING: bad msg: driver_base/ConfigValue
WARNING: bad msg: driver_base/SensorLevels
WARNING: bad msg: ar_track_alvar/AlvarMarkers
WARNING: bad msg: driver_base/ConfigString
WARNING: bad msg: driver_base/ConfigValue
WARNING: bad msg: driver_base/SensorLevels
WARNING: bad msg: ar_track_alvar/AlvarMarkers
WARNING: bad msg: driver_base/ConfigString
WARNING: bad msg: driver_base/ConfigValue
WARNING: bad msg: driver_base/SensorLevels
[ 43%] Built target generate_ros_code
[ 47%] [34m[1mGenerating generated/stubs.cpp, generated/stubs.h, generated/plugin.h, generated/stubsPlusPlus.cpp, generated/index.json, generated/reference.html, generated/lua_calltips.cpp, generated/simROS-typecheck.lua[0m
/home/rech/CoppeliaSim/programming/libPlugin/simStubsGen/generate.py --verbose --xml-file /home/rech/wsTcc/src/simExtROS/meta/callbacks.xml --gen-all /home/rech/wsTcc/build/sim_ros_interface/generated --lua-file /home/rech/wsTcc/src/simExtROS/simROS.lua
/usr/bin/python3.8 /home/rech/CoppeliaSim/programming/libPlugin/simStubsGen/generate_lua_xml.py /home/rech/wsTcc/src/simExtROS/meta/callbacks.xml /home/rech/wsTcc/src/simExtROS/simROS.lua /home/rech/wsTcc/build/sim_ros_interface/generated/lua.xml
/usr/bin/python3.8 /home/rech/CoppeliaSim/programming/libPlugin/simStubsGen/merge_xml.py /home/rech/wsTcc/src/simExtROS/meta/callbacks.xml /home/rech/wsTcc/build/sim_ros_interface/generated/lua.xml /home/rech/wsTcc/build/sim_ros_interface/generated/reference.xml
xsltproc -o /home/rech/wsTcc/build/sim_ros_interface/generated/reference.html /home/rech/CoppeliaSim/programming/libPlugin/simStubsGen/xsl/reference.xsl /home/rech/wsTcc/build/sim_ros_interface/generated/reference.xml
error: program "xsltproc" is missing (hint: try "sudo apt install xsltproc")
make[2]: *** [CMakeFiles/simExtROS.dir/build.make:84: generated/stubs.cpp] Error 1
make[1]: *** [CMakeFiles/Makefile2:247: CMakeFiles/simExtROS.dir/all] Error 2
make: *** [Makefile:141: all] Error 2
